#
# A fatal error has been detected by the Java Runtime Environment:
#
#  SIGSEGV (0xb) at pc=0x0000000165f88e83, pid=2521, tid=65031
#
# JRE version: Java(TM) SE Runtime Environment (16.0.1+9) (build 16.0.1+9-24)
# Java VM: Java HotSpot(TM) 64-Bit Server VM (16.0.1+9-24, mixed mode, sharing, tiered, compressed oops, compressed class ptrs, g1 gc, bsd-amd64)
# Problematic frame:
# C  [libosmand.dylib+0x1ce83]  _ZN12FontRegistry10drawHbTextEP8SkCanvasNSt3__112basic_stringIcNS2_11char_traitsIcEENS2_9allocatorIcEEEEP9FontEntryR7SkPaintR6SkFontff+0x23
#
# No core dump will be written. Core dumps have been disabled. To enable core dumping, try "ulimit -c unlimited" before starting Java again
#
# If you would like to submit a bug report, please visit:
#   https://bugreport.java.com/bugreport/crash.jsp
# The crash happened outside the Java Virtual Machine in native code.
# See problematic frame for where to report the bug.
#

---------------  S U M M A R Y ------------

Command Line: -Djava.util.logging.config.file=/Users/julien/Documents/WORKSPACE/OSM/OsmAndMapCreator-main/logging.properties /Users/julien/Documents/WORKSPACE/OSM/OsmAndMapCreator-main/OsmAndMapCreator.jar

Host: MacBookPro11,1 x86_64 2400 MHz, 4 cores, 8G, Darwin 17.7.0, macOS 10.13.6 (17G66)
Time: Wed Oct 25 17:00:32 2023 +07 elapsed time: 206.269374 seconds (0d 0h 3m 26s)

---------------  T H R E A D  ---------------

Current thread (0x00007fe70e8dac00):  JavaThread "pool-1-thread-1" [_thread_in_native, id=65031, stack(0x000070000a02f000,0x000070000a12f000)]

Stack: [0x000070000a02f000,0x000070000a12f000],  sp=0x000070000a12dfe0,  free space=1019k
Native frames: (J=compiled Java code, A=aot compiled Java code, j=interpreted, Vv=VM code, C=native code)
C  [libosmand.dylib+0x1ce83]  _ZN12FontRegistry10drawHbTextEP8SkCanvasNSt3__112basic_stringIcNS2_11char_traitsIcEENS2_9allocatorIcEEEEP9FontEntryR7SkPaintR6SkFontff+0x23
C  [libosmand.dylib+0x1cd62]  _Z16drawTextOnCanvasP16RenderingContextP8SkCanvasPKctffR7SkPaintifR6SkFontP9FontEntry+0x182
C  [libosmand.dylib+0x1d337]  _Z15drawWrappedTextP16RenderingContextP8SkCanvasRNSt3__110shared_ptrI12TextDrawInfoEEfR7SkPaintR6SkFontP9FontEntry+0x97
C  [libosmand.dylib+0x2142e]  _Z18drawTextOverCanvasP16RenderingContextP26RenderingRuleSearchRequestP8SkCanvas+0x7ce
C  [libosmand.dylib+0x2e171]  _Z11doRenderingRNSt3__16vectorI18FoundMapDataObjectNS_9allocatorIS1_EEEEP8SkCanvasP26RenderingRuleSearchRequestP16RenderingContext+0x151
C  [libosmand.dylib+0x1164f3]  Java_net_osmand_NativeLibrary_generateRenderingIndirect+0x293
j  net.osmand.NativeLibrary.generateRenderingIndirect(Lnet/osmand/RenderingContext;JZLnet/osmand/render/RenderingRuleSearchRequest;Z)Lnet/osmand/NativeLibrary$RenderingGenerationResult;+0
j  net.osmand.swing.NativeSwingRendering.renderImage(Lnet/osmand/swing/NativeSwingRendering$RenderingImageContext;)Ljava/awt/image/BufferedImage;+669
j  net.osmand.swing.MapPanel$NativeRendererRunnable.run()V+82
j  java.util.concurrent.ThreadPoolExecutor.runWorker(Ljava/util/concurrent/ThreadPoolExecutor$Worker;)V+92 java.base@16.0.1
j  java.util.concurrent.ThreadPoolExecutor$Worker.run()V+5 java.base@16.0.1
j  java.lang.Thread.run()V+11 java.base@16.0.1
v  ~StubRoutines::call_stub
V  [libjvm.dylib+0x508442]  _ZN9JavaCalls11call_helperEP9JavaValueRK12methodHandleP17JavaCallArgumentsP6Thread+0x2d2
V  [libjvm.dylib+0x507487]  _ZN9JavaCalls12call_virtualEP9JavaValueP5KlassP6SymbolS5_P17JavaCallArgumentsP6Thread+0x147
V  [libjvm.dylib+0x507553]  _ZN9JavaCalls12call_virtualEP9JavaValue6HandleP5KlassP6SymbolS6_P6Thread+0x63
V  [libjvm.dylib+0x5b5524]  _ZL12thread_entryP10JavaThreadP6Thread+0xb4
V  [libjvm.dylib+0xa0441d]  _ZN10JavaThread17thread_main_innerEv+0xcd
V  [libjvm.dylib+0xa01d61]  _ZN6Thread8call_runEv+0x71
V  [libjvm.dylib+0x8909f7]  _ZL19thread_native_entryP6Thread+0x157
C  [libsystem_pthread.dylib+0x3661]  _pthread_body+0x154
C  [libsystem_pthread.dylib+0x350d]  _pthread_body+0x0
C  [libsystem_pthread.dylib+0x2bf9]  thread_start+0xd

Java frames: (J=compiled Java code, j=interpreted, Vv=VM code)
j  net.osmand.NativeLibrary.generateRenderingIndirect(Lnet/osmand/RenderingContext;JZLnet/osmand/render/RenderingRuleSearchRequest;Z)Lnet/osmand/NativeLibrary$RenderingGenerationResult;+0
j  net.osmand.swing.NativeSwingRendering.renderImage(Lnet/osmand/swing/NativeSwingRendering$RenderingImageContext;)Ljava/awt/image/BufferedImage;+669
j  net.osmand.swing.MapPanel$NativeRendererRunnable.run()V+82
j  java.util.concurrent.ThreadPoolExecutor.runWorker(Ljava/util/concurrent/ThreadPoolExecutor$Worker;)V+92 java.base@16.0.1
j  java.util.concurrent.ThreadPoolExecutor$Worker.run()V+5 java.base@16.0.1
j  java.lang.Thread.run()V+11 java.base@16.0.1
v  ~StubRoutines::call_stub

siginfo: si_signo: 11 (SIGSEGV), si_code: 1 (SEGV_MAPERR), si_addr: 0x0000000000000008

Register to memory mapping:

RAX=0x0000003035303108 is an unknown value
RBX=0x000070000a12e398 is pointing into the stack for thread: 0x00007fe70e8dac00
RCX=0x0 is NULL
RDX=0x000070000a12e0d0 is pointing into the stack for thread: 0x00007fe70e8dac00
RSP=0x000070000a12dfe0 is pointing into the stack for thread: 0x00007fe70e8dac00
RBP=0x000070000a12e0a0 is pointing into the stack for thread: 0x00007fe70e8dac00
RSI=0x00007fe70ae46200 points into unknown readable memory: 0x00000001664c4350 | 50 43 4c 66 01 00 00 00
RDI=0x000070000a12e0d0 is pointing into the stack for thread: 0x00007fe70e8dac00
R8 =0x000070000a12e298 is pointing into the stack for thread: 0x00007fe70e8dac00
R9 =0x000070000a12e398 is pointing into the stack for thread: 0x00007fe70e8dac00
R10=0x0 is NULL
R11=0x00007fe712100000 points into unknown readable memory: 0x0000000000000000 | 00 00 00 00 00 00 00 00
R12=0x00007fe70ae46200 points into unknown readable memory: 0x00000001664c4350 | 50 43 4c 66 01 00 00 00
R13=0x0 is NULL
R14=0x000070000a12e298 is pointing into the stack for thread: 0x00007fe70e8dac00
R15=0x000070000a12e0d0 is pointing into the stack for thread: 0x00007fe70e8dac00


Registers:
RAX=0x0000003035303108, RBX=0x000070000a12e398, RCX=0x0000000000000000, RDX=0x000070000a12e0d0
RSP=0x000070000a12dfe0, RBP=0x000070000a12e0a0, RSI=0x00007fe70ae46200, RDI=0x000070000a12e0d0
R8 =0x000070000a12e298, R9 =0x000070000a12e398, R10=0x0000000000000000, R11=0x00007fe712100000
R12=0x00007fe70ae46200, R13=0x0000000000000000, R14=0x000070000a12e298, R15=0x000070000a12e0d0
RIP=0x0000000165f88e83, EFLAGS=0x0000000000010202, ERR=0x0000000000000004
  TRAPNO=0x000000000000000e

Top of Stack: (sp=0x000070000a12dfe0)
0x000070000a12dfe0:   00007fe712161ae0 0000000000000004
0x000070000a12dff0:   000070000a12e031 00007fe70e8daf10
0x000070000a12e000:   00007fe712161ae0 00007fe711720190
0x000070000a12e010:   000070000a12e070 0000000108ff3420
0x000070000a12e020:   000070000a12e040 0000000108ee7dfa
0x000070000a12e030:   00007fe711720190 00007fe711720198
0x000070000a12e040:   000070000a12e070 000000010916408e
0x000070000a12e050:   0000000109859e58 00007fe711720190
0x000070000a12e060:   000070000a12e0b8 00007fe711720198
0x000070000a12e070:   000070000a12e0a0 00007fe70ae46200
0x000070000a12e080:   0000000000000000 000070000a12e298
0x000070000a12e090:   000070000a12e398 00000000ff666666
0x000070000a12e0a0:   000070000a12e160 0000000165f88d62
0x000070000a12e0b0:   9e3779b97f4a7c55 0000003035303108
0x000070000a12e0c0:   0000000000000000 0000000000000000
0x000070000a12e0d0:   0000003035303108 0000000000000000
0x000070000a12e0e0:   0000000000000000 0000000000000000
0x000070000a12e0f0:   0000000000000000 0000000000000000
0x000070000a12e100:   00007fe70ae46200 0000000000000000
0x000070000a12e110:   3f800000bbffffff 4250000043ab0000
0x000070000a12e120:   0000003035303108 0000000000000000
0x000070000a12e130:   0000000000000000 00007fe71166bb50
0x000070000a12e140:   0000000000000004 00007fe71166bcb8
0x000070000a12e150:   0000000000000001 00007fe71166bb51
0x000070000a12e160:   000070000a12e1e0 0000000165f89337
0x000070000a12e170:   000070000a12e398 0000000000000000
0x000070000a12e180:   000070000a12e410 000070000a12e398
0x000070000a12e190:   0000000000000000 000070000a12e298
0x000070000a12e1a0:   00007fe70ae46200 000070000a12e510
0x000070000a12e1b0:   413000001226e4f0 000070000a12e510
0x000070000a12e1c0:   00007fe70e83c2f0 00007fe71166bcb8
0x000070000a12e1d0:   0000000000000001 0000000000000000 

Instructions: (pc=0x0000000165f88e83)
0x0000000165f88d83:   00 31 f6 4c 89 ef e8 c2 54 1a 00 4c 89 ef 44 89
0x0000000165f88d93:   fe e8 e7 54 1a 00 48 8d 7d 88 48 8d 75 c0 e8 f4
0x0000000165f88da3:   a0 4a 00 48 8d 55 88 48 89 de 4c 89 e1 4d 89 e8
0x0000000165f88db3:   4d 89 f1 f3 0f 10 45 bc f3 0f 10 4d b8 e8 9b 00
0x0000000165f88dc3:   00 00 f6 45 88 01 74 09 48 8b 7d 98 e8 da a1 4a
0x0000000165f88dd3:   00 f6 45 c0 01 74 09 48 8b 7d d0 e8 cb a1 4a 00
0x0000000165f88de3:   48 81 c4 88 00 00 00 5b 41 5c 41 5d 41 5e 41 5f
0x0000000165f88df3:   5d c3 48 89 c3 f6 85 70 ff ff ff 01 74 41 48 8b
0x0000000165f88e03:   7d 80 eb 0d 48 89 c3 f6 45 88 01 74 32 48 8b 7d
0x0000000165f88e13:   98 e8 95 a1 4a 00 f6 45 c0 01 75 29 eb 30 48 89
0x0000000165f88e23:   c3 f6 45 c0 01 75 1e eb 25 48 89 c7 e8 ec 8f fe
0x0000000165f88e33:   ff 48 89 c3 f6 45 c0 01 75 0b eb 12 48 89 c3 f6
0x0000000165f88e43:   45 c0 01 74 09 48 8b 7d d0 e8 5d a1 4a 00 48 89
0x0000000165f88e53:   df e8 b7 9f 4a 00 0f 0b 0f 1f 44 00 00 55 48 89
0x0000000165f88e63:   e5 41 57 41 56 41 55 41 54 53 48 81 ec 98 00 00
0x0000000165f88e73:   00 4c 89 cb 4d 89 c6 49 89 cd 49 89 d7 49 89 f4
0x0000000165f88e83:   49 8b 45 08 48 85 c0 f3 0f 11 4d b8 f3 0f 11 45
0x0000000165f88e93:   bc 74 25 f0 ff 40 08 48 89 45 c0 f0 ff 40 08 48
0x0000000165f88ea3:   8b 3b 48 89 03 48 85 ff 74 21 f0 ff 4f 08 75 1b
0x0000000165f88eb3:   48 8b 07 ff 50 10 eb 13 48 c7 45 c0 00 00 00 00
0x0000000165f88ec3:   48 8b 3b 48 89 03 48 85 ff 75 df 48 8b 7d c0 48
0x0000000165f88ed3:   85 ff 74 0c f0 ff 4f 08 75 06 48 8b 07 ff 50 10
0x0000000165f88ee3:   4c 89 65 98 4c 89 ff e8 c1 8a fe ff 41 f6 07 01
0x0000000165f88ef3:   75 08 4d 89 f4 49 ff c7 eb 07 4d 89 f4 4d 8b 7f
0x0000000165f88f03:   10 49 8b 7d 10 e8 b3 c7 35 00 49 89 c6 f3 0f 10
0x0000000165f88f13:   43 08 f3 0f 5a c0 f2 0f 59 05 b7 b3 4a 00 f2 0f
0x0000000165f88f23:   2c f0 4c 89 f7 89 f2 e8 81 d1 35 00 4c 89 f7 e8
0x0000000165f88f33:   69 c9 35 00 e8 c4 3d 35 00 48 89 5d d0 48 89 c3
0x0000000165f88f43:   ba ff ff ff ff 31 c9 41 b8 ff ff ff ff 48 89 df
0x0000000165f88f53:   4c 89 fe e8 d5 49 35 00 48 89 df e8 bd 49 35 00
0x0000000165f88f63:   31 d2 31 c9 4c 89 75 a0 4c 89 f7 48 89 de e8 5a
0x0000000165f88f73:   11 39 00 48 89 df e8 62 46 35 00 41 89 c6 45 85 


Stack slot to memory mapping:
stack at sp + 0 slots: 0x00007fe712161ae0 points into unknown readable memory: 0x0000000109005a25 | 25 5a 00 09 01 00 00 00
stack at sp + 1 slots: 0x0000000000000004 is an unknown value
stack at sp + 2 slots: 0x000070000a12e031 is pointing into the stack for thread: 0x00007fe70e8dac00
stack at sp + 3 slots: 0x00007fe70e8daf10 points into unknown readable memory: 0x0000000109859e58 | 58 9e 85 09 01 00 00 00
stack at sp + 4 slots: 0x00007fe712161ae0 points into unknown readable memory: 0x0000000109005a25 | 25 5a 00 09 01 00 00 00
stack at sp + 5 slots: 0x00007fe711720190 points into unknown readable memory: 0x0000000000000000 | 00 00 00 00 00 00 00 00
stack at sp + 6 slots: 0x000070000a12e070 is pointing into the stack for thread: 0x00007fe70e8dac00
stack at sp + 7 slots: 0x0000000108ff3420: _ZN12G1BarrierSet7enqueueEP7oopDesc+0x10 in /Library/Java/JavaVirtualMachines/jdk-16.0.1.jdk/Contents/Home/lib/server/libjvm.dylib at 0x0000000108c00000


---------------  P R O C E S S  ---------------

Threads class SMR info:
_java_thread_list=0x00007fe7113ca040, length=19, elements={
0x00007fe70a000a00, 0x00007fe70a06f600, 0x00007fe70a802c00, 0x00007fe70a071e00,
0x00007fe70b02b800, 0x00007fe70a803200, 0x00007fe70a803800, 0x00007fe70a803e00,
0x00007fe70b057a00, 0x00007fe70a072c00, 0x00007fe70a81c000, 0x00007fe7098cb600,
0x00007fe70a2ccc00, 0x00007fe70b18e600, 0x00007fe70a899e00, 0x00007fe70ea2be00,
0x00007fe70ea6ce00, 0x00007fe70e950400, 0x00007fe70e8dac00
}

Java Threads: ( => current thread )
  0x00007fe70a000a00 JavaThread "Reference Handler" daemon [_thread_blocked, id=14595, stack(0x0000700009282000,0x0000700009382000)]
  0x00007fe70a06f600 JavaThread "Finalizer" daemon [_thread_blocked, id=14851, stack(0x0000700009385000,0x0000700009485000)]
  0x00007fe70a802c00 JavaThread "Signal Dispatcher" daemon [_thread_blocked, id=15119, stack(0x000070000950b000,0x000070000960b000)]
  0x00007fe70a071e00 JavaThread "Service Thread" daemon [_thread_blocked, id=43275, stack(0x000070000960e000,0x000070000970e000)]
  0x00007fe70b02b800 JavaThread "Monitor Deflation Thread" daemon [_thread_blocked, id=24323, stack(0x0000700009711000,0x0000700009811000)]
  0x00007fe70a803200 JavaThread "C2 CompilerThread0" daemon [_thread_blocked, id=42755, stack(0x0000700009814000,0x0000700009914000)]
  0x00007fe70a803800 JavaThread "C1 CompilerThread0" daemon [_thread_blocked, id=42243, stack(0x0000700009917000,0x0000700009a17000)]
  0x00007fe70a803e00 JavaThread "Sweeper thread" daemon [_thread_blocked, id=41987, stack(0x0000700009a1a000,0x0000700009b1a000)]
  0x00007fe70b057a00 JavaThread "Notification Thread" daemon [_thread_blocked, id=41475, stack(0x0000700009b1d000,0x0000700009c1d000)]
  0x00007fe70a072c00 JavaThread "Common-Cleaner" daemon [_thread_blocked, id=25603, stack(0x0000700009d23000,0x0000700009e23000)]
  0x00007fe70a81c000 JavaThread "Timer-0" daemon [_thread_blocked, id=40963, stack(0x0000700009e26000,0x0000700009f26000)]
  0x00007fe7098cb600 JavaThread "AppKit Thread" daemon [_thread_in_native, id=775, stack(0x00007ffee7176000,0x00007ffee7976000)]
  0x00007fe70a2ccc00 JavaThread "Java2D Queue Flusher" daemon [_thread_blocked, id=79739, stack(0x000070000a1b5000,0x000070000a2b5000)]
  0x00007fe70b18e600 JavaThread "Java2D Disposer" daemon [_thread_blocked, id=73223, stack(0x000070000a2b8000,0x000070000a3b8000)]
  0x00007fe70a899e00 JavaThread "AWT-Shutdown" [_thread_blocked, id=37395, stack(0x0000700008b6a000,0x0000700008c6a000)]
  0x00007fe70ea2be00 JavaThread "AWT-EventQueue-0" [_thread_blocked, id=57607, stack(0x000070000a94d000,0x000070000aa4d000)]
  0x00007fe70ea6ce00 JavaThread "DestroyJavaVM" [_thread_blocked, id=7427, stack(0x00000001082f7000,0x00000001083f7000)]
  0x00007fe70e950400 JavaThread "TimerQueue" daemon [_thread_blocked, id=84507, stack(0x000070000a7c7000,0x000070000a8c7000)]
=>0x00007fe70e8dac00 JavaThread "pool-1-thread-1" [_thread_in_native, id=65031, stack(0x000070000a02f000,0x000070000a12f000)]

Other Threads:
  0x00007fe709512330 VMThread "VM Thread" [stack: 0x000070000917f000,0x000070000927f000] [id=16643]
  0x00007fe709448630 WatcherThread [stack: 0x0000700009c20000,0x0000700009d20000] [id=25091]
  0x00007fe7097054a0 GCTaskThread "GC Thread#0" [stack: 0x0000700008c70000,0x0000700008d70000] [id=19203]
  0x00007fe70bf172f0 GCTaskThread "GC Thread#1" [stack: 0x000070000a3bb000,0x000070000a4bb000] [id=35119]
  0x00007fe70966b0b0 GCTaskThread "GC Thread#2" [stack: 0x000070000a4be000,0x000070000a5be000] [id=56343]
  0x00007fe70bf17aa0 GCTaskThread "GC Thread#3" [stack: 0x000070000a5c1000,0x000070000a6c1000] [id=67847]
  0x00007fe709507640 ConcurrentGCThread "G1 Main Marker" [stack: 0x0000700008d73000,0x0000700008e73000] [id=12291]
  0x00007fe709508360 ConcurrentGCThread "G1 Conc#0" [stack: 0x0000700008e76000,0x0000700008f76000] [id=18435]
  0x00007fe709435850 ConcurrentGCThread "G1 Refine#0" [stack: 0x0000700008f79000,0x0000700009079000] [id=17667]
  0x00007fe709516750 ConcurrentGCThread "G1 Refine#1" [stack: 0x000070000a6c4000,0x000070000a7c4000] [id=67587]
  0x00007fe70fc6e8c0 ConcurrentGCThread "G1 Refine#2" [stack: 0x000070000aa50000,0x000070000ab50000] [id=3103]
  0x00007fe70fd31ee0 ConcurrentGCThread "G1 Refine#3" [stack: 0x000070000ab53000,0x000070000ac53000] [id=66823]
  0x00007fe70950a340 ConcurrentGCThread "G1 Service" [stack: 0x000070000907c000,0x000070000917c000] [id=17411]

Threads with active compile tasks:

VM state: not at safepoint (normal execution)

VM Mutex/Monitor currently owned by a thread: None

Heap address: 0x0000000780000000, size: 2048 MB, Compressed Oops mode: Zero based, Oop shift amount: 3

CDS archive(s) mapped at: [0x0000000800000000-0x0000000800bbb000-0x0000000800bbb000), size 12300288, SharedBaseAddress: 0x0000000800000000, ArchiveRelocationMode: 0.
Compressed class space mapped at: 0x0000000800c00000-0x0000000840c00000, reserved size: 1073741824
Narrow klass base: 0x0000000800000000, Narrow klass shift: 3, Narrow klass range: 0x100000000

GC Precious Log:
 CPUs: 4 total, 4 available
 Memory: 8192M
 Large Page Support: Disabled
 NUMA Support: Disabled
 Compressed Oops: Enabled (Zero based)
 Heap Region Size: 1M
 Heap Min Capacity: 8M
 Heap Initial Capacity: 128M
 Heap Max Capacity: 2G
 Pre-touch: Disabled
 Parallel Workers: 4
 Concurrent Workers: 1
 Concurrent Refinement Workers: 4
 Periodic GC: Disabled

Heap:
 garbage-first heap   total 205824K, used 100065K [0x0000000780000000, 0x0000000800000000)
  region size 1024K, 24 young (24576K), 5 survivors (5120K)
 Metaspace       used 19857K, committed 20160K, reserved 1073152K
  class space    used 2106K, committed 2240K, reserved 1048576K

Heap Regions: E=young(eden), S=young(survivor), O=old, HS=humongous(starts), HC=humongous(continues), CS=collection set, F=free, OA=open archive, CA=closed archive, TAMS=top-at-mark-start (previous, next)
|   0|0x0000000780000000, 0x0000000780100000, 0x0000000780100000|100%| O|  |TAMS 0x0000000780000000, 0x0000000780000000| Untracked 
|   1|0x0000000780100000, 0x0000000780200000, 0x0000000780200000|100%| O|  |TAMS 0x0000000780100000, 0x0000000780100000| Untracked 
|   2|0x0000000780200000, 0x0000000780300000, 0x0000000780300000|100%| O|  |TAMS 0x0000000780200000, 0x0000000780200000| Untracked 
|   3|0x0000000780300000, 0x0000000780400000, 0x0000000780400000|100%| O|  |TAMS 0x0000000780300000, 0x0000000780300000| Untracked 
|   4|0x0000000780400000, 0x0000000780500000, 0x0000000780500000|100%| O|  |TAMS 0x0000000780400000, 0x0000000780400000| Untracked 
|   5|0x0000000780500000, 0x0000000780600000, 0x0000000780600000|100%| O|  |TAMS 0x0000000780500000, 0x0000000780500000| Untracked 
|   6|0x0000000780600000, 0x0000000780700000, 0x0000000780700000|100%| O|  |TAMS 0x0000000780600000, 0x0000000780600000| Untracked 
|   7|0x0000000780700000, 0x0000000780800000, 0x0000000780800000|100%| O|  |TAMS 0x0000000780700000, 0x0000000780700000| Untracked 
|   8|0x0000000780800000, 0x0000000780900000, 0x0000000780900000|100%| O|  |TAMS 0x0000000780800000, 0x0000000780800000| Untracked 
|   9|0x0000000780900000, 0x0000000780a00000, 0x0000000780a00000|100%| O|  |TAMS 0x0000000780900000, 0x0000000780900000| Untracked 
|  10|0x0000000780a00000, 0x0000000780b00000, 0x0000000780b00000|100%| O|  |TAMS 0x0000000780a00000, 0x0000000780a00000| Untracked 
|  11|0x0000000780b00000, 0x0000000780c00000, 0x0000000780c00000|100%| O|  |TAMS 0x0000000780b00000, 0x0000000780b00000| Untracked 
|  12|0x0000000780c00000, 0x0000000780d00000, 0x0000000780d00000|100%| O|  |TAMS 0x0000000780c00000, 0x0000000780c00000| Untracked 
|  13|0x0000000780d00000, 0x0000000780e00000, 0x0000000780e00000|100%| O|  |TAMS 0x0000000780d00000, 0x0000000780d00000| Untracked 
|  14|0x0000000780e00000, 0x0000000780f00000, 0x0000000780f00000|100%| O|  |TAMS 0x0000000780e00000, 0x0000000780e00000| Untracked 
|  15|0x0000000780f00000, 0x0000000781000000, 0x0000000781000000|100%| O|  |TAMS 0x0000000780f00000, 0x0000000780f00000| Untracked 
|  16|0x0000000781000000, 0x0000000781100000, 0x0000000781100000|100%| O|  |TAMS 0x0000000781000000, 0x0000000781000000| Untracked 
|  17|0x0000000781100000, 0x0000000781200000, 0x0000000781200000|100%| O|  |TAMS 0x0000000781100000, 0x0000000781100000| Untracked 
|  18|0x0000000781200000, 0x0000000781300000, 0x0000000781300000|100%| O|  |TAMS 0x0000000781200000, 0x0000000781200000| Untracked 
|  19|0x0000000781300000, 0x0000000781400000, 0x0000000781400000|100%| O|  |TAMS 0x0000000781300000, 0x0000000781300000| Untracked 
|  20|0x0000000781400000, 0x0000000781500000, 0x0000000781500000|100%| O|  |TAMS 0x0000000781400000, 0x0000000781400000| Untracked 
|  21|0x0000000781500000, 0x0000000781600000, 0x0000000781600000|100%| O|  |TAMS 0x0000000781500000, 0x0000000781500000| Untracked 
|  22|0x0000000781600000, 0x0000000781700000, 0x0000000781700000|100%| O|  |TAMS 0x0000000781600000, 0x0000000781600000| Untracked 
|  23|0x0000000781700000, 0x0000000781800000, 0x0000000781800000|100%| O|  |TAMS 0x0000000781700000, 0x0000000781700000| Untracked 
|  24|0x0000000781800000, 0x0000000781900000, 0x0000000781900000|100%| O|  |TAMS 0x0000000781800000, 0x0000000781800000| Untracked 
|  25|0x0000000781900000, 0x0000000781a00000, 0x0000000781a00000|100%| O|  |TAMS 0x0000000781900000, 0x0000000781900000| Untracked 
|  26|0x0000000781a00000, 0x0000000781b00000, 0x0000000781b00000|100%| O|  |TAMS 0x0000000781a00000, 0x0000000781a00000| Untracked 
|  27|0x0000000781b00000, 0x0000000781c00000, 0x0000000781c00000|100%| O|  |TAMS 0x0000000781b00000, 0x0000000781b00000| Untracked 
|  28|0x0000000781c00000, 0x0000000781d00000, 0x0000000781d00000|100%| O|  |TAMS 0x0000000781c00000, 0x0000000781c00000| Untracked 
|  29|0x0000000781d00000, 0x0000000781e00000, 0x0000000781e00000|100%| O|  |TAMS 0x0000000781d00000, 0x0000000781d00000| Untracked 
|  30|0x0000000781e00000, 0x0000000781f00000, 0x0000000781f00000|100%| O|  |TAMS 0x0000000781e00000, 0x0000000781e00000| Untracked 
|  31|0x0000000781f00000, 0x0000000782000000, 0x0000000782000000|100%| O|  |TAMS 0x0000000781f00000, 0x0000000781f00000| Untracked 
|  32|0x0000000782000000, 0x0000000782100000, 0x0000000782100000|100%| O|  |TAMS 0x0000000782000000, 0x0000000782000000| Untracked 
|  33|0x0000000782100000, 0x0000000782200000, 0x0000000782200000|100%| O|  |TAMS 0x0000000782100000, 0x0000000782100000| Untracked 
|  34|0x0000000782200000, 0x0000000782300000, 0x0000000782300000|100%| O|  |TAMS 0x0000000782200000, 0x0000000782200000| Untracked 
|  35|0x0000000782300000, 0x0000000782400000, 0x0000000782400000|100%| O|  |TAMS 0x0000000782300000, 0x0000000782300000| Untracked 
|  36|0x0000000782400000, 0x0000000782500000, 0x0000000782500000|100%| O|  |TAMS 0x0000000782400000, 0x0000000782400000| Untracked 
|  37|0x0000000782500000, 0x0000000782600000, 0x0000000782600000|100%| O|  |TAMS 0x0000000782500000, 0x0000000782500000| Untracked 
|  38|0x0000000782600000, 0x0000000782700000, 0x0000000782700000|100%| O|  |TAMS 0x0000000782600000, 0x0000000782600000| Untracked 
|  39|0x0000000782700000, 0x0000000782800000, 0x0000000782800000|100%| O|  |TAMS 0x0000000782700000, 0x0000000782700000| Untracked 
|  40|0x0000000782800000, 0x0000000782900000, 0x0000000782900000|100%|HS|  |TAMS 0x0000000782800000, 0x0000000782800000| Complete 
|  41|0x0000000782900000, 0x0000000782a00000, 0x0000000782a00000|100%|HS|  |TAMS 0x0000000782900000, 0x0000000782900000| Complete 
|  42|0x0000000782a00000, 0x0000000782b00000, 0x0000000782b00000|100%| O|  |TAMS 0x0000000782a00000, 0x0000000782a00000| Untracked 
|  43|0x0000000782b00000, 0x0000000782c00000, 0x0000000782c00000|100%| O|  |TAMS 0x0000000782b00000, 0x0000000782b00000| Untracked 
|  44|0x0000000782c00000, 0x0000000782d00000, 0x0000000782d00000|100%| O|  |TAMS 0x0000000782c00000, 0x0000000782c00000| Untracked 
|  45|0x0000000782d00000, 0x0000000782e00000, 0x0000000782e00000|100%| O|  |TAMS 0x0000000782d00000, 0x0000000782d00000| Untracked 
|  46|0x0000000782e00000, 0x0000000782f00000, 0x0000000782f00000|100%| O|  |TAMS 0x0000000782e00000, 0x0000000782e00000| Untracked 
|  47|0x0000000782f00000, 0x0000000783000000, 0x0000000783000000|100%| O|  |TAMS 0x0000000782f00000, 0x0000000782f00000| Untracked 
|  48|0x0000000783000000, 0x0000000783100000, 0x0000000783100000|100%| O|  |TAMS 0x0000000783000000, 0x0000000783000000| Untracked 
|  49|0x0000000783100000, 0x0000000783200000, 0x0000000783200000|100%| O|  |TAMS 0x0000000783100000, 0x0000000783100000| Untracked 
|  50|0x0000000783200000, 0x0000000783300000, 0x0000000783300000|100%| O|  |TAMS 0x0000000783200000, 0x0000000783200000| Untracked 
|  51|0x0000000783300000, 0x0000000783400000, 0x0000000783400000|100%| O|  |TAMS 0x0000000783300000, 0x0000000783300000| Untracked 
|  52|0x0000000783400000, 0x0000000783500000, 0x0000000783500000|100%| O|  |TAMS 0x0000000783400000, 0x0000000783400000| Untracked 
|  53|0x0000000783500000, 0x0000000783600000, 0x0000000783600000|100%| O|  |TAMS 0x0000000783500000, 0x0000000783500000| Untracked 
|  54|0x0000000783600000, 0x0000000783700000, 0x0000000783700000|100%| O|  |TAMS 0x0000000783600000, 0x0000000783600000| Untracked 
|  55|0x0000000783700000, 0x0000000783800000, 0x0000000783800000|100%| O|  |TAMS 0x0000000783700000, 0x0000000783700000| Untracked 
|  56|0x0000000783800000, 0x0000000783900000, 0x0000000783900000|100%| O|  |TAMS 0x0000000783800000, 0x0000000783800000| Untracked 
|  57|0x0000000783900000, 0x0000000783a00000, 0x0000000783a00000|100%| O|  |TAMS 0x0000000783900000, 0x0000000783900000| Untracked 
|  58|0x0000000783a00000, 0x0000000783b00000, 0x0000000783b00000|100%| O|  |TAMS 0x0000000783a00000, 0x0000000783a00000| Untracked 
|  59|0x0000000783b00000, 0x0000000783c00000, 0x0000000783c00000|100%|HS|  |TAMS 0x0000000783b00000, 0x0000000783b00000| Complete 
|  60|0x0000000783c00000, 0x0000000783d00000, 0x0000000783d00000|100%|HS|  |TAMS 0x0000000783c00000, 0x0000000783c00000| Complete 
|  61|0x0000000783d00000, 0x0000000783e00000, 0x0000000783e00000|100%|HC|  |TAMS 0x0000000783d00000, 0x0000000783d00000| Complete 
|  62|0x0000000783e00000, 0x0000000783f00000, 0x0000000783f00000|100%|HS|  |TAMS 0x0000000783e00000, 0x0000000783e00000| Complete 
|  63|0x0000000783f00000, 0x0000000784000000, 0x0000000784000000|100%|HC|  |TAMS 0x0000000783f00000, 0x0000000783f00000| Complete 
|  64|0x0000000784000000, 0x0000000784100000, 0x0000000784100000|100%| O|  |TAMS 0x0000000784000000, 0x0000000784000000| Untracked 
|  65|0x0000000784100000, 0x0000000784200000, 0x0000000784200000|100%| O|  |TAMS 0x0000000784100000, 0x0000000784100000| Untracked 
|  66|0x0000000784200000, 0x0000000784300000, 0x0000000784300000|100%| O|  |TAMS 0x0000000784200000, 0x0000000784200000| Untracked 
|  67|0x0000000784300000, 0x0000000784400000, 0x0000000784400000|100%| O|  |TAMS 0x0000000784300000, 0x0000000784300000| Untracked 
|  68|0x0000000784400000, 0x0000000784500000, 0x0000000784500000|100%| O|  |TAMS 0x0000000784400000, 0x0000000784400000| Untracked 
|  69|0x0000000784500000, 0x0000000784600000, 0x0000000784600000|100%| O|  |TAMS 0x0000000784500000, 0x0000000784500000| Untracked 
|  70|0x0000000784600000, 0x0000000784700000, 0x0000000784700000|100%| O|  |TAMS 0x0000000784600000, 0x0000000784600000| Untracked 
|  71|0x0000000784700000, 0x0000000784800000, 0x0000000784800000|100%| O|  |TAMS 0x0000000784700000, 0x0000000784700000| Untracked 
|  72|0x0000000784800000, 0x0000000784900000, 0x0000000784900000|100%| O|  |TAMS 0x0000000784800000, 0x0000000784800000| Untracked 
|  73|0x0000000784900000, 0x00000007849c6400, 0x0000000784a00000| 77%| O|  |TAMS 0x0000000784900000, 0x0000000784900000| Untracked 
|  74|0x0000000784a00000, 0x0000000784a00000, 0x0000000784b00000|  0%| F|  |TAMS 0x0000000784a00000, 0x0000000784a00000| Untracked 
|  75|0x0000000784b00000, 0x0000000784b00000, 0x0000000784c00000|  0%| F|  |TAMS 0x0000000784b00000, 0x0000000784b00000| Untracked 
|  76|0x0000000784c00000, 0x0000000784c00000, 0x0000000784d00000|  0%| F|  |TAMS 0x0000000784c00000, 0x0000000784c00000| Untracked 
|  77|0x0000000784d00000, 0x0000000784d00000, 0x0000000784e00000|  0%| F|  |TAMS 0x0000000784d00000, 0x0000000784d00000| Untracked 
|  78|0x0000000784e00000, 0x0000000784e00000, 0x0000000784f00000|  0%| F|  |TAMS 0x0000000784e00000, 0x0000000784e00000| Untracked 
|  79|0x0000000784f00000, 0x0000000784f00000, 0x0000000785000000|  0%| F|  |TAMS 0x0000000784f00000, 0x0000000784f00000| Untracked 
|  80|0x0000000785000000, 0x0000000785000000, 0x0000000785100000|  0%| F|  |TAMS 0x0000000785000000, 0x0000000785000000| Untracked 
|  81|0x0000000785100000, 0x0000000785100000, 0x0000000785200000|  0%| F|  |TAMS 0x0000000785100000, 0x0000000785100000| Untracked 
|  82|0x0000000785200000, 0x0000000785200000, 0x0000000785300000|  0%| F|  |TAMS 0x0000000785200000, 0x0000000785200000| Untracked 
|  83|0x0000000785300000, 0x0000000785300000, 0x0000000785400000|  0%| F|  |TAMS 0x0000000785300000, 0x0000000785300000| Untracked 
|  84|0x0000000785400000, 0x0000000785400000, 0x0000000785500000|  0%| F|  |TAMS 0x0000000785400000, 0x0000000785400000| Untracked 
|  85|0x0000000785500000, 0x0000000785500000, 0x0000000785600000|  0%| F|  |TAMS 0x0000000785500000, 0x0000000785500000| Untracked 
|  86|0x0000000785600000, 0x0000000785600000, 0x0000000785700000|  0%| F|  |TAMS 0x0000000785600000, 0x0000000785600000| Untracked 
|  87|0x0000000785700000, 0x0000000785700000, 0x0000000785800000|  0%| F|  |TAMS 0x0000000785700000, 0x0000000785700000| Untracked 
|  88|0x0000000785800000, 0x0000000785800000, 0x0000000785900000|  0%| F|  |TAMS 0x0000000785800000, 0x0000000785800000| Untracked 
|  89|0x0000000785900000, 0x0000000785900000, 0x0000000785a00000|  0%| F|  |TAMS 0x0000000785900000, 0x0000000785900000| Untracked 
|  90|0x0000000785a00000, 0x0000000785a00000, 0x0000000785b00000|  0%| F|  |TAMS 0x0000000785a00000, 0x0000000785a00000| Untracked 
|  91|0x0000000785b00000, 0x0000000785b00000, 0x0000000785c00000|  0%| F|  |TAMS 0x0000000785b00000, 0x0000000785b00000| Untracked 
|  92|0x0000000785c00000, 0x0000000785c00000, 0x0000000785d00000|  0%| F|  |TAMS 0x0000000785c00000, 0x0000000785c00000| Untracked 
|  93|0x0000000785d00000, 0x0000000785d00000, 0x0000000785e00000|  0%| F|  |TAMS 0x0000000785d00000, 0x0000000785d00000| Untracked 
|  94|0x0000000785e00000, 0x0000000785e00000, 0x0000000785f00000|  0%| F|  |TAMS 0x0000000785e00000, 0x0000000785e00000| Untracked 
|  95|0x0000000785f00000, 0x0000000785f00000, 0x0000000786000000|  0%| F|  |TAMS 0x0000000785f00000, 0x0000000785f00000| Untracked 
|  96|0x0000000786000000, 0x0000000786000000, 0x0000000786100000|  0%| F|  |TAMS 0x0000000786000000, 0x0000000786000000| Untracked 
|  97|0x0000000786100000, 0x0000000786100000, 0x0000000786200000|  0%| F|  |TAMS 0x0000000786100000, 0x0000000786100000| Untracked 
|  98|0x0000000786200000, 0x0000000786200000, 0x0000000786300000|  0%| F|  |TAMS 0x0000000786200000, 0x0000000786200000| Untracked 
|  99|0x0000000786300000, 0x0000000786300000, 0x0000000786400000|  0%| F|  |TAMS 0x0000000786300000, 0x0000000786300000| Untracked 
| 100|0x0000000786400000, 0x0000000786400000, 0x0000000786500000|  0%| F|  |TAMS 0x0000000786400000, 0x0000000786400000| Untracked 
| 101|0x0000000786500000, 0x0000000786500000, 0x0000000786600000|  0%| F|  |TAMS 0x0000000786500000, 0x0000000786500000| Untracked 
| 102|0x0000000786600000, 0x0000000786600000, 0x0000000786700000|  0%| F|  |TAMS 0x0000000786600000, 0x0000000786600000| Untracked 
| 103|0x0000000786700000, 0x0000000786700000, 0x0000000786800000|  0%| F|  |TAMS 0x0000000786700000, 0x0000000786700000| Untracked 
| 104|0x0000000786800000, 0x0000000786800000, 0x0000000786900000|  0%| F|  |TAMS 0x0000000786800000, 0x0000000786800000| Untracked 
| 105|0x0000000786900000, 0x0000000786900000, 0x0000000786a00000|  0%| F|  |TAMS 0x0000000786900000, 0x0000000786900000| Untracked 
| 106|0x0000000786a00000, 0x0000000786a00000, 0x0000000786b00000|  0%| F|  |TAMS 0x0000000786a00000, 0x0000000786a00000| Untracked 
| 107|0x0000000786b00000, 0x0000000786b00000, 0x0000000786c00000|  0%| F|  |TAMS 0x0000000786b00000, 0x0000000786b00000| Untracked 
| 108|0x0000000786c00000, 0x0000000786c00000, 0x0000000786d00000|  0%| F|  |TAMS 0x0000000786c00000, 0x0000000786c00000| Untracked 
| 109|0x0000000786d00000, 0x0000000786d00000, 0x0000000786e00000|  0%| F|  |TAMS 0x0000000786d00000, 0x0000000786d00000| Untracked 
| 110|0x0000000786e00000, 0x0000000786e00000, 0x0000000786f00000|  0%| F|  |TAMS 0x0000000786e00000, 0x0000000786e00000| Untracked 
| 111|0x0000000786f00000, 0x0000000786f00000, 0x0000000787000000|  0%| F|  |TAMS 0x0000000786f00000, 0x0000000786f00000| Untracked 
| 112|0x0000000787000000, 0x0000000787000000, 0x0000000787100000|  0%| F|  |TAMS 0x0000000787000000, 0x0000000787000000| Untracked 
| 113|0x0000000787100000, 0x0000000787100000, 0x0000000787200000|  0%| F|  |TAMS 0x0000000787100000, 0x0000000787100000| Untracked 
| 114|0x0000000787200000, 0x0000000787200000, 0x0000000787300000|  0%| F|  |TAMS 0x0000000787200000, 0x0000000787200000| Untracked 
| 115|0x0000000787300000, 0x0000000787300000, 0x0000000787400000|  0%| F|  |TAMS 0x0000000787300000, 0x0000000787300000| Untracked 
| 116|0x0000000787400000, 0x0000000787400000, 0x0000000787500000|  0%| F|  |TAMS 0x0000000787400000, 0x0000000787400000| Untracked 
| 117|0x0000000787500000, 0x0000000787500000, 0x0000000787600000|  0%| F|  |TAMS 0x0000000787500000, 0x0000000787500000| Untracked 
| 118|0x0000000787600000, 0x0000000787600000, 0x0000000787700000|  0%| F|  |TAMS 0x0000000787600000, 0x0000000787600000| Untracked 
| 119|0x0000000787700000, 0x0000000787700000, 0x0000000787800000|  0%| F|  |TAMS 0x0000000787700000, 0x0000000787700000| Untracked 
| 120|0x0000000787800000, 0x0000000787800000, 0x0000000787900000|  0%| F|  |TAMS 0x0000000787800000, 0x0000000787800000| Untracked 
| 121|0x0000000787900000, 0x0000000787900000, 0x0000000787a00000|  0%| F|  |TAMS 0x0000000787900000, 0x0000000787900000| Untracked 
| 122|0x0000000787a00000, 0x0000000787a00000, 0x0000000787b00000|  0%| F|  |TAMS 0x0000000787a00000, 0x0000000787a00000| Untracked 
| 123|0x0000000787b00000, 0x0000000787b00000, 0x0000000787c00000|  0%| F|  |TAMS 0x0000000787b00000, 0x0000000787b00000| Untracked 
| 124|0x0000000787c00000, 0x0000000787c00000, 0x0000000787d00000|  0%| F|  |TAMS 0x0000000787c00000, 0x0000000787c00000| Untracked 
| 125|0x0000000787d00000, 0x0000000787d00000, 0x0000000787e00000|  0%| F|  |TAMS 0x0000000787d00000, 0x0000000787d00000| Untracked 
| 126|0x0000000787e00000, 0x0000000787e00000, 0x0000000787f00000|  0%| F|  |TAMS 0x0000000787e00000, 0x0000000787e00000| Untracked 
| 127|0x0000000787f00000, 0x0000000787f00000, 0x0000000788000000|  0%| F|  |TAMS 0x0000000787f00000, 0x0000000787f00000| Untracked 
| 128|0x0000000788000000, 0x0000000788000000, 0x0000000788100000|  0%| F|  |TAMS 0x0000000788000000, 0x0000000788000000| Untracked 
| 129|0x0000000788100000, 0x0000000788100000, 0x0000000788200000|  0%| F|  |TAMS 0x0000000788100000, 0x0000000788100000| Untracked 
| 130|0x0000000788200000, 0x0000000788200000, 0x0000000788300000|  0%| F|  |TAMS 0x0000000788200000, 0x0000000788200000| Untracked 
| 131|0x0000000788300000, 0x0000000788300000, 0x0000000788400000|  0%| F|  |TAMS 0x0000000788300000, 0x0000000788300000| Untracked 
| 132|0x0000000788400000, 0x0000000788400000, 0x0000000788500000|  0%| F|  |TAMS 0x0000000788400000, 0x0000000788400000| Untracked 
| 133|0x0000000788500000, 0x0000000788500000, 0x0000000788600000|  0%| F|  |TAMS 0x0000000788500000, 0x0000000788500000| Untracked 
| 134|0x0000000788600000, 0x0000000788600000, 0x0000000788700000|  0%| F|  |TAMS 0x0000000788600000, 0x0000000788600000| Untracked 
| 135|0x0000000788700000, 0x0000000788700000, 0x0000000788800000|  0%| F|  |TAMS 0x0000000788700000, 0x0000000788700000| Untracked 
| 136|0x0000000788800000, 0x0000000788800000, 0x0000000788900000|  0%| F|  |TAMS 0x0000000788800000, 0x0000000788800000| Untracked 
| 137|0x0000000788900000, 0x0000000788900000, 0x0000000788a00000|  0%| F|  |TAMS 0x0000000788900000, 0x0000000788900000| Untracked 
| 138|0x0000000788a00000, 0x0000000788a00000, 0x0000000788b00000|  0%| F|  |TAMS 0x0000000788a00000, 0x0000000788a00000| Untracked 
| 139|0x0000000788b00000, 0x0000000788b00000, 0x0000000788c00000|  0%| F|  |TAMS 0x0000000788b00000, 0x0000000788b00000| Untracked 
| 140|0x0000000788c00000, 0x0000000788c00000, 0x0000000788d00000|  0%| F|  |TAMS 0x0000000788c00000, 0x0000000788c00000| Untracked 
| 141|0x0000000788d00000, 0x0000000788d00000, 0x0000000788e00000|  0%| F|  |TAMS 0x0000000788d00000, 0x0000000788d00000| Untracked 
| 142|0x0000000788e00000, 0x0000000788e00000, 0x0000000788f00000|  0%| F|  |TAMS 0x0000000788e00000, 0x0000000788e00000| Untracked 
| 143|0x0000000788f00000, 0x0000000788f00000, 0x0000000789000000|  0%| F|  |TAMS 0x0000000788f00000, 0x0000000788f00000| Untracked 
| 144|0x0000000789000000, 0x0000000789000000, 0x0000000789100000|  0%| F|  |TAMS 0x0000000789000000, 0x0000000789000000| Untracked 
| 145|0x0000000789100000, 0x0000000789100000, 0x0000000789200000|  0%| F|  |TAMS 0x0000000789100000, 0x0000000789100000| Untracked 
| 146|0x0000000789200000, 0x0000000789200000, 0x0000000789300000|  0%| F|  |TAMS 0x0000000789200000, 0x0000000789200000| Untracked 
| 147|0x0000000789300000, 0x0000000789300000, 0x0000000789400000|  0%| F|  |TAMS 0x0000000789300000, 0x0000000789300000| Untracked 
| 148|0x0000000789400000, 0x0000000789400000, 0x0000000789500000|  0%| F|  |TAMS 0x0000000789400000, 0x0000000789400000| Untracked 
| 149|0x0000000789500000, 0x0000000789500000, 0x0000000789600000|  0%| F|  |TAMS 0x0000000789500000, 0x0000000789500000| Untracked 
| 150|0x0000000789600000, 0x0000000789600000, 0x0000000789700000|  0%| F|  |TAMS 0x0000000789600000, 0x0000000789600000| Untracked 
| 151|0x0000000789700000, 0x0000000789700000, 0x0000000789800000|  0%| F|  |TAMS 0x0000000789700000, 0x0000000789700000| Untracked 
| 152|0x0000000789800000, 0x0000000789800000, 0x0000000789900000|  0%| F|  |TAMS 0x0000000789800000, 0x0000000789800000| Untracked 
| 153|0x0000000789900000, 0x0000000789900000, 0x0000000789a00000|  0%| F|  |TAMS 0x0000000789900000, 0x0000000789900000| Untracked 
| 154|0x0000000789a00000, 0x0000000789a00000, 0x0000000789b00000|  0%| F|  |TAMS 0x0000000789a00000, 0x0000000789a00000| Untracked 
| 155|0x0000000789b00000, 0x0000000789b00000, 0x0000000789c00000|  0%| F|  |TAMS 0x0000000789b00000, 0x0000000789b00000| Untracked 
| 156|0x0000000789c00000, 0x0000000789c00000, 0x0000000789d00000|  0%| F|  |TAMS 0x0000000789c00000, 0x0000000789c00000| Untracked 
| 157|0x0000000789d00000, 0x0000000789d00000, 0x0000000789e00000|  0%| F|  |TAMS 0x0000000789d00000, 0x0000000789d00000| Untracked 
| 158|0x0000000789e00000, 0x0000000789e00000, 0x0000000789f00000|  0%| F|  |TAMS 0x0000000789e00000, 0x0000000789e00000| Untracked 
| 159|0x0000000789f00000, 0x0000000789f00000, 0x000000078a000000|  0%| F|  |TAMS 0x0000000789f00000, 0x0000000789f00000| Untracked 
| 160|0x000000078a000000, 0x000000078a000000, 0x000000078a100000|  0%| F|  |TAMS 0x000000078a000000, 0x000000078a000000| Untracked 
| 161|0x000000078a100000, 0x000000078a200000, 0x000000078a200000|100%| S|CS|TAMS 0x000000078a100000, 0x000000078a100000| Complete 
| 162|0x000000078a200000, 0x000000078a300000, 0x000000078a300000|100%| S|CS|TAMS 0x000000078a200000, 0x000000078a200000| Complete 
| 163|0x000000078a300000, 0x000000078a400000, 0x000000078a400000|100%| S|CS|TAMS 0x000000078a300000, 0x000000078a300000| Complete 
| 164|0x000000078a400000, 0x000000078a500000, 0x000000078a500000|100%| S|CS|TAMS 0x000000078a400000, 0x000000078a400000| Complete 
| 165|0x000000078a500000, 0x000000078a600000, 0x000000078a600000|100%| S|CS|TAMS 0x000000078a500000, 0x000000078a500000| Complete 
| 166|0x000000078a600000, 0x000000078a600000, 0x000000078a700000|  0%| F|  |TAMS 0x000000078a600000, 0x000000078a600000| Untracked 
| 167|0x000000078a700000, 0x000000078a700000, 0x000000078a800000|  0%| F|  |TAMS 0x000000078a700000, 0x000000078a700000| Untracked 
| 168|0x000000078a800000, 0x000000078a800000, 0x000000078a900000|  0%| F|  |TAMS 0x000000078a800000, 0x000000078a800000| Untracked 
| 169|0x000000078a900000, 0x000000078a900000, 0x000000078aa00000|  0%| F|  |TAMS 0x000000078a900000, 0x000000078a900000| Untracked 
| 170|0x000000078aa00000, 0x000000078aa00000, 0x000000078ab00000|  0%| F|  |TAMS 0x000000078aa00000, 0x000000078aa00000| Untracked 
| 171|0x000000078ab00000, 0x000000078ab00000, 0x000000078ac00000|  0%| F|  |TAMS 0x000000078ab00000, 0x000000078ab00000| Untracked 
| 172|0x000000078ac00000, 0x000000078ac00000, 0x000000078ad00000|  0%| F|  |TAMS 0x000000078ac00000, 0x000000078ac00000| Untracked 
| 173|0x000000078ad00000, 0x000000078ad00000, 0x000000078ae00000|  0%| F|  |TAMS 0x000000078ad00000, 0x000000078ad00000| Untracked 
| 174|0x000000078ae00000, 0x000000078ae00000, 0x000000078af00000|  0%| F|  |TAMS 0x000000078ae00000, 0x000000078ae00000| Untracked 
| 175|0x000000078af00000, 0x000000078af00000, 0x000000078b000000|  0%| F|  |TAMS 0x000000078af00000, 0x000000078af00000| Untracked 
| 176|0x000000078b000000, 0x000000078b000000, 0x000000078b100000|  0%| F|  |TAMS 0x000000078b000000, 0x000000078b000000| Untracked 
| 177|0x000000078b100000, 0x000000078b100000, 0x000000078b200000|  0%| F|  |TAMS 0x000000078b100000, 0x000000078b100000| Untracked 
| 178|0x000000078b200000, 0x000000078b200000, 0x000000078b300000|  0%| F|  |TAMS 0x000000078b200000, 0x000000078b200000| Untracked 
| 179|0x000000078b300000, 0x000000078b300000, 0x000000078b400000|  0%| F|  |TAMS 0x000000078b300000, 0x000000078b300000| Untracked 
| 180|0x000000078b400000, 0x000000078b43dfb0, 0x000000078b500000| 24%| E|  |TAMS 0x000000078b400000, 0x000000078b400000| Complete 
| 181|0x000000078b500000, 0x000000078b600000, 0x000000078b600000|100%| E|CS|TAMS 0x000000078b500000, 0x000000078b500000| Complete 
| 182|0x000000078b600000, 0x000000078b700000, 0x000000078b700000|100%| E|CS|TAMS 0x000000078b600000, 0x000000078b600000| Complete 
| 183|0x000000078b700000, 0x000000078b800000, 0x000000078b800000|100%| E|CS|TAMS 0x000000078b700000, 0x000000078b700000| Complete 
| 184|0x000000078b800000, 0x000000078b900000, 0x000000078b900000|100%| E|CS|TAMS 0x000000078b800000, 0x000000078b800000| Complete 
| 185|0x000000078b900000, 0x000000078ba00000, 0x000000078ba00000|100%| E|CS|TAMS 0x000000078b900000, 0x000000078b900000| Complete 
| 186|0x000000078ba00000, 0x000000078bb00000, 0x000000078bb00000|100%| E|CS|TAMS 0x000000078ba00000, 0x000000078ba00000| Complete 
| 187|0x000000078bb00000, 0x000000078bc00000, 0x000000078bc00000|100%| E|CS|TAMS 0x000000078bb00000, 0x000000078bb00000| Complete 
| 188|0x000000078bc00000, 0x000000078bd00000, 0x000000078bd00000|100%| E|CS|TAMS 0x000000078bc00000, 0x000000078bc00000| Complete 
| 189|0x000000078bd00000, 0x000000078be00000, 0x000000078be00000|100%| E|CS|TAMS 0x000000078bd00000, 0x000000078bd00000| Complete 
| 190|0x000000078be00000, 0x000000078bf00000, 0x000000078bf00000|100%| E|CS|TAMS 0x000000078be00000, 0x000000078be00000| Complete 
| 191|0x000000078bf00000, 0x000000078c000000, 0x000000078c000000|100%| E|CS|TAMS 0x000000078bf00000, 0x000000078bf00000| Complete 
| 192|0x000000078c000000, 0x000000078c100000, 0x000000078c100000|100%| E|CS|TAMS 0x000000078c000000, 0x000000078c000000| Complete 
| 193|0x000000078c100000, 0x000000078c200000, 0x000000078c200000|100%| E|CS|TAMS 0x000000078c100000, 0x000000078c100000| Complete 
| 194|0x000000078c200000, 0x000000078c300000, 0x000000078c300000|100%| E|CS|TAMS 0x000000078c200000, 0x000000078c200000| Complete 
| 195|0x000000078c300000, 0x000000078c400000, 0x000000078c400000|100%| E|CS|TAMS 0x000000078c300000, 0x000000078c300000| Complete 
| 196|0x000000078c400000, 0x000000078c500000, 0x000000078c500000|100%| E|CS|TAMS 0x000000078c400000, 0x000000078c400000| Complete 
| 197|0x000000078c500000, 0x000000078c600000, 0x000000078c600000|100%| E|CS|TAMS 0x000000078c500000, 0x000000078c500000| Complete 
| 198|0x000000078c600000, 0x000000078c700000, 0x000000078c700000|100%| E|CS|TAMS 0x000000078c600000, 0x000000078c600000| Complete 
|1022|0x00000007bfe00000, 0x00000007bfe75000, 0x00000007bff00000| 45%|OA|  |TAMS 0x00000007bfe00000, 0x00000007bfe00000| Untracked 
|1023|0x00000007bff00000, 0x00000007bff7d000, 0x00000007c0000000| 48%|CA|  |TAMS 0x00000007bff00000, 0x00000007bff00000| Untracked 

Card table byte_map: [0x000000010a6d4000,0x000000010aad4000] _byte_map_base: 0x0000000106ad4000

Marking Bits (Prev, Next): (CMBitMap*) 0x00007fe709801c10, (CMBitMap*) 0x00007fe709801c50
 Prev Bits: [0x000000010aed4000, 0x000000010ced4000)
 Next Bits: [0x000000010ced4000, 0x000000010eed4000)

Polling page: 0x00000001083fa000

Metaspace:

Usage:
  Non-class:     17.34 MB used.
      Class:      2.06 MB used.
       Both:     19.39 MB used.

Virtual space:
  Non-class space:       24.00 MB reserved,      17.50 MB ( 73%) committed,  3 nodes.
      Class space:        1.00 GB reserved,       2.19 MB ( <1%) committed,  1 nodes.
              Both:        1.02 GB reserved,      19.69 MB (  2%) committed. 

Chunk freelists:
   Non-Class:  2.28 MB
       Class:  1.66 MB
        Both:  3.94 MB

MaxMetaspaceSize: 17179869184.00 GB
CompressedClassSpaceSize: 1.00 GB
 - commit_granule_bytes: 65536.
 - commit_granule_words: 8192.
 - virtual_space_node_default_size: 1048576.
 - enlarge_chunks_in_place: 1.
 - new_chunks_are_fully_committed: 0.
 - uncommit_free_chunks: 1.
 - use_allocation_guard: 0.
 - handle_deallocations: 1.


Internal statistics:

num_allocs_failed_limit: 0.
num_arena_births: 236.
num_arena_deaths: 0.
num_vsnodes_births: 4.
num_vsnodes_deaths: 0.
num_space_committed: 315.
num_space_uncommitted: 0.
num_chunks_returned_to_freelist: 0.
num_chunks_taken_from_freelist: 453.
num_chunk_merges: 0.
num_chunk_splits: 296.
num_chunks_enlarged: 198.
num_purges: 0.

CodeHeap 'non-profiled nmethods': size=120032Kb used=1779Kb max_used=1779Kb free=118252Kb
 bounds [0x000000011ffd1000, 0x0000000120241000, 0x0000000127509000]
CodeHeap 'profiled nmethods': size=120028Kb used=8394Kb max_used=8394Kb free=111634Kb
 bounds [0x0000000118a9a000, 0x00000001192da000, 0x000000011ffd1000]
CodeHeap 'non-nmethods': size=5700Kb used=1423Kb max_used=1475Kb free=4276Kb
 bounds [0x0000000118509000, 0x0000000118779000, 0x0000000118a9a000]
 total_blobs=4985 nmethods=4203 adapters=694
 compilation: enabled
              stopped_count=0, restarted_count=0
 full_count=0

Compilation events (20 events):
Event: 206.121 Thread 0x00007fe70a803800 nmethod 4371 0x00000001192bfb90 code [0x00000001192bfd40, 0x00000001192bffb0]
Event: 206.121 Thread 0x00007fe70a803800 4372       3       com.ibm.icu.text.Bidi::getInitialDirPropsMemory (7 bytes)
Event: 206.132 Thread 0x00007fe70a803800 nmethod 4372 0x00000001192c0090 code [0x00000001192c0240, 0x00000001192c0380]
Event: 206.132 Thread 0x00007fe70a803800 4373       3       com.ibm.icu.text.Bidi::getInitialLevelsMemory (7 bytes)
Event: 206.132 Thread 0x00007fe70a803800 nmethod 4373 0x00000001192c0410 code [0x00000001192c05c0, 0x00000001192c0700]
Event: 206.138 Thread 0x00007fe70a803800 4374   !   3       net.osmand.Reshaper::bidiShape (315 bytes)
Event: 206.186 Thread 0x00007fe70a803800 nmethod 4374 0x00000001192c0790 code [0x00000001192c0d00, 0x00000001192c35a0]
Event: 206.186 Thread 0x00007fe70a803800 4375       3       com.ibm.icu.text.Bidi::getDirPropsMemory (10 bytes)
Event: 206.186 Thread 0x00007fe70a803800 nmethod 4375 0x00000001192c4c90 code [0x00000001192c4e40, 0x00000001192c4f80]
Event: 206.187 Thread 0x00007fe70a803800 4376       3       com.ibm.icu.text.Bidi::getLevelsMemory (10 bytes)
Event: 206.187 Thread 0x00007fe70a803800 nmethod 4376 0x00000001192c5010 code [0x00000001192c51c0, 0x00000001192c5300]
Event: 206.187 Thread 0x00007fe70a803800 4380       3       com.ibm.icu.text.Bidi::getRunsMemory (28 bytes)
Event: 206.188 Thread 0x00007fe70a803800 nmethod 4380 0x00000001192c5390 code [0x00000001192c5540, 0x00000001192c5800]
Event: 206.188 Thread 0x00007fe70a803800 4377       3       com.ibm.icu.text.Bidi::resolveExplicitLevels (682 bytes)
Event: 206.216 Thread 0x00007fe70a803800 nmethod 4377 0x00000001192c5910 code [0x00000001192c5c00, 0x00000001192c72d0]
Event: 206.216 Thread 0x00007fe70a803800 4378       3       com.ibm.icu.text.Bidi::directionFromFlags (51 bytes)
Event: 206.217 Thread 0x00007fe70a803800 nmethod 4378 0x00000001192c7b10 code [0x00000001192c7cc0, 0x00000001192c7f90]
Event: 206.217 Thread 0x00007fe70a803800 4379       3       com.ibm.icu.text.Bidi::setParaSuccess (16 bytes)
Event: 206.218 Thread 0x00007fe70a803800 nmethod 4379 0x00000001192c8090 code [0x00000001192c8240, 0x00000001192c8410]
Event: 206.218 Thread 0x00007fe70a803800 4381       3       com.ibm.icu.text.Bidi::setPara (1110 bytes)

GC Heap History (20 events):
Event: 10.918 GC heap before
{Heap before GC invocations=1 (full 0):
 garbage-first heap   total 133120K, used 12560K [0x0000000780000000, 0x0000000800000000)
  region size 1024K, 9 young (9216K), 2 survivors (2048K)
 Metaspace       used 9139K, committed 9344K, reserved 1064960K
  class space    used 992K, committed 1088K, reserved 1048576K
}
Event: 10.998 GC heap after
{Heap after GC invocations=2 (full 0):
 garbage-first heap   total 133120K, used 8925K [0x0000000780000000, 0x0000000800000000)
  region size 1024K, 2 young (2048K), 2 survivors (2048K)
 Metaspace       used 9139K, committed 9344K, reserved 1064960K
  class space    used 992K, committed 1088K, reserved 1048576K
}
Event: 11.837 GC heap before
{Heap before GC invocations=2 (full 0):
 garbage-first heap   total 133120K, used 19165K [0x0000000780000000, 0x0000000800000000)
  region size 1024K, 12 young (12288K), 2 survivors (2048K)
 Metaspace       used 9272K, committed 9472K, reserved 1064960K
  class space    used 1003K, committed 1088K, reserved 1048576K
}
Event: 11.920 GC heap after
{Heap after GC invocations=3 (full 0):
 garbage-first heap   total 133120K, used 13069K [0x0000000780000000, 0x0000000800000000)
  region size 1024K, 2 young (2048K), 2 survivors (2048K)
 Metaspace       used 9272K, committed 9472K, reserved 1064960K
  class space    used 1003K, committed 1088K, reserved 1048576K
}
Event: 13.870 GC heap before
{Heap before GC invocations=3 (full 0):
 garbage-first heap   total 133120K, used 31501K [0x0000000780000000, 0x0000000800000000)
  region size 1024K, 21 young (21504K), 2 survivors (2048K)
 Metaspace       used 9278K, committed 9472K, reserved 1064960K
  class space    used 1003K, committed 1088K, reserved 1048576K
}
Event: 14.071 GC heap after
{Heap after GC invocations=4 (full 0):
 garbage-first heap   total 133120K, used 20779K [0x0000000780000000, 0x0000000800000000)
  region size 1024K, 3 young (3072K), 3 survivors (3072K)
 Metaspace       used 9278K, committed 9472K, reserved 1064960K
  class space    used 1003K, committed 1088K, reserved 1048576K
}
Event: 15.996 GC heap before
{Heap before GC invocations=4 (full 0):
 garbage-first heap   total 133120K, used 37163K [0x0000000780000000, 0x0000000800000000)
  region size 1024K, 19 young (19456K), 3 survivors (3072K)
 Metaspace       used 9282K, committed 9472K, reserved 1064960K
  class space    used 1003K, committed 1088K, reserved 1048576K
}
Event: 16.112 GC heap after
{Heap after GC invocations=5 (full 0):
 garbage-first heap   total 205824K, used 26568K [0x0000000780000000, 0x0000000800000000)
  region size 1024K, 3 young (3072K), 3 survivors (3072K)
 Metaspace       used 9282K, committed 9472K, reserved 1064960K
  class space    used 1003K, committed 1088K, reserved 1048576K
}
Event: 17.044 GC heap before
{Heap before GC invocations=5 (full 0):
 garbage-first heap   total 205824K, used 41928K [0x0000000780000000, 0x0000000800000000)
  region size 1024K, 19 young (19456K), 3 survivors (3072K)
 Metaspace       used 9282K, committed 9472K, reserved 1064960K
  class space    used 1003K, committed 1088K, reserved 1048576K
}
Event: 17.163 GC heap after
{Heap after GC invocations=6 (full 0):
 garbage-first heap   total 205824K, used 33736K [0x0000000780000000, 0x0000000800000000)
  region size 1024K, 3 young (3072K), 3 survivors (3072K)
 Metaspace       used 9282K, committed 9472K, reserved 1064960K
  class space    used 1003K, committed 1088K, reserved 1048576K
}
Event: 18.318 GC heap before
{Heap before GC invocations=6 (full 0):
 garbage-first heap   total 205824K, used 57288K [0x0000000780000000, 0x0000000800000000)
  region size 1024K, 26 young (26624K), 3 survivors (3072K)
 Metaspace       used 9282K, committed 9472K, reserved 1064960K
  class space    used 1003K, committed 1088K, reserved 1048576K
}
Event: 18.482 GC heap after
{Heap after GC invocations=7 (full 0):
 garbage-first heap   total 205824K, used 42952K [0x0000000780000000, 0x0000000800000000)
  region size 1024K, 4 young (4096K), 4 survivors (4096K)
 Metaspace       used 9282K, committed 9472K, reserved 1064960K
  class space    used 1003K, committed 1088K, reserved 1048576K
}
Event: 35.042 GC heap before
{Heap before GC invocations=7 (full 0):
 garbage-first heap   total 205824K, used 66504K [0x0000000780000000, 0x0000000800000000)
  region size 1024K, 23 young (23552K), 4 survivors (4096K)
 Metaspace       used 14618K, committed 14912K, reserved 1064960K
  class space    used 1622K, committed 1792K, reserved 1048576K
}
Event: 35.258 GC heap after
{Heap after GC invocations=8 (full 0):
 garbage-first heap   total 205824K, used 59080K [0x0000000780000000, 0x0000000800000000)
  region size 1024K, 3 young (3072K), 3 survivors (3072K)
 Metaspace       used 14618K, committed 14912K, reserved 1064960K
  class space    used 1622K, committed 1792K, reserved 1048576K
}
Event: 54.414 GC heap before
{Heap before GC invocations=8 (full 0):
 garbage-first heap   total 205824K, used 79560K [0x0000000780000000, 0x0000000800000000)
  region size 1024K, 23 young (23552K), 3 survivors (3072K)
 Metaspace       used 17779K, committed 18048K, reserved 1073152K
  class space    used 1964K, committed 2112K, reserved 1048576K
}
Event: 54.564 GC heap after
{Heap after GC invocations=9 (full 0):
 garbage-first heap   total 205824K, used 59143K [0x0000000780000000, 0x0000000800000000)
  region size 1024K, 3 young (3072K), 3 survivors (3072K)
 Metaspace       used 17779K, committed 18048K, reserved 1073152K
  class space    used 1964K, committed 2112K, reserved 1048576K
}
Event: 61.806 GC heap before
{Heap before GC invocations=9 (full 0):
 garbage-first heap   total 205824K, used 70407K [0x0000000780000000, 0x0000000800000000)
  region size 1024K, 14 young (14336K), 3 survivors (3072K)
 Metaspace       used 18146K, committed 18432K, reserved 1073152K
  class space    used 2003K, committed 2112K, reserved 1048576K
}
Event: 61.848 GC heap after
{Heap after GC invocations=10 (full 0):
 garbage-first heap   total 205824K, used 61384K [0x0000000780000000, 0x0000000800000000)
  region size 1024K, 2 young (2048K), 2 survivors (2048K)
 Metaspace       used 18146K, committed 18432K, reserved 1073152K
  class space    used 2003K, committed 2112K, reserved 1048576K
}
Event: 175.441 GC heap before
{Heap before GC invocations=10 (full 0):
 garbage-first heap   total 205824K, used 99272K [0x0000000780000000, 0x0000000800000000)
  region size 1024K, 33 young (33792K), 2 survivors (2048K)
 Metaspace       used 19407K, committed 19712K, reserved 1073152K
  class space    used 2073K, committed 2240K, reserved 1048576K
}
Event: 175.553 GC heap after
{Heap after GC invocations=11 (full 0):
 garbage-first heap   total 205824K, used 81633K [0x0000000780000000, 0x0000000800000000)
  region size 1024K, 5 young (5120K), 5 survivors (5120K)
 Metaspace       used 19407K, committed 19712K, reserved 1073152K
  class space    used 2073K, committed 2240K, reserved 1048576K
}

Deoptimization events (20 events):
Event: 200.895 Thread 0x00007fe70ea2be00 Uncommon trap: trap_request=0xffffffde fr.pc=0x0000000120184628 relative=0x0000000000000f88
Event: 200.895 Thread 0x00007fe70ea2be00 Uncommon trap: reason=class_check action=maybe_recompile pc=0x0000000120184628 method=java.util.HashMap.putVal(ILjava/lang/Object;Ljava/lang/Object;ZZ)Ljava/lang/Object; @ 203 c2
Event: 200.895 Thread 0x00007fe70ea2be00 DEOPT PACKING pc=0x0000000120184628 sp=0x000070000aa4b2a0
Event: 200.895 Thread 0x00007fe70ea2be00 DEOPT UNPACKING pc=0x0000000118556424 sp=0x000070000aa4b230 mode 2
Event: 201.342 Thread 0x00007fe70ea2be00 Uncommon trap: trap_request=0xffffff45 fr.pc=0x000000012016d88c relative=0x000000000000526c
Event: 201.342 Thread 0x00007fe70ea2be00 Uncommon trap: reason=unstable_if action=reinterpret pc=0x000000012016d88c method=javax.swing.RepaintManager.addDirtyRegion0(Ljava/awt/Container;IIII)V @ 7 c2
Event: 201.342 Thread 0x00007fe70ea2be00 DEOPT PACKING pc=0x000000012016d88c sp=0x000070000aa4ba50
Event: 201.342 Thread 0x00007fe70ea2be00 DEOPT UNPACKING pc=0x0000000118556424 sp=0x000070000aa4ba58 mode 2
Event: 205.702 Thread 0x00007fe70e8dac00 Uncommon trap: trap_request=0xffffffde fr.pc=0x0000000120079d58 relative=0x00000000000012b8
Event: 205.702 Thread 0x00007fe70e8dac00 Uncommon trap: reason=class_check action=maybe_recompile pc=0x0000000120079d58 method=java.io.DataInputStream.readFully([BII)V @ 30 c2
Event: 205.702 Thread 0x00007fe70e8dac00 DEOPT PACKING pc=0x0000000120079d58 sp=0x000070000a12d1b0
Event: 205.702 Thread 0x00007fe70e8dac00 DEOPT UNPACKING pc=0x0000000118556424 sp=0x000070000a12d1c8 mode 2
Event: 205.702 Thread 0x00007fe70e8dac00 Uncommon trap: trap_request=0xffffffde fr.pc=0x0000000120079d58 relative=0x00000000000012b8
Event: 205.702 Thread 0x00007fe70e8dac00 Uncommon trap: reason=class_check action=maybe_recompile pc=0x0000000120079d58 method=java.io.DataInputStream.readFully([BII)V @ 30 c2
Event: 205.702 Thread 0x00007fe70e8dac00 DEOPT PACKING pc=0x0000000120079d58 sp=0x000070000a12d1b0
Event: 205.702 Thread 0x00007fe70e8dac00 DEOPT UNPACKING pc=0x0000000118556424 sp=0x000070000a12d1c8 mode 2
Event: 205.702 Thread 0x00007fe70e8dac00 Uncommon trap: trap_request=0xffffffde fr.pc=0x0000000120079d58 relative=0x00000000000012b8
Event: 205.702 Thread 0x00007fe70e8dac00 Uncommon trap: reason=class_check action=maybe_recompile pc=0x0000000120079d58 method=java.io.DataInputStream.readFully([BII)V @ 30 c2
Event: 205.702 Thread 0x00007fe70e8dac00 DEOPT PACKING pc=0x0000000120079d58 sp=0x000070000a12d1b0
Event: 205.703 Thread 0x00007fe70e8dac00 DEOPT UNPACKING pc=0x0000000118556424 sp=0x000070000a12d1c8 mode 2

Classes unloaded (0 events):
No events

Classes redefined (0 events):
No events

Internal exceptions (20 events):
Event: 5.553 Thread 0x00007fe70a001600 Exception <a 'java/lang/NoSuchMethodError'{0x0000000787583058}: 'java.lang.Object java.lang.invoke.DirectMethodHandle$Holder.invokeSpecial(java.lang.Object, java.lang.Object, double, double)'> (0x0000000787583058) 
thrown [./open/src/hotspot/share/interpreter/linkResolver.cpp, line 790]
Event: 5.586 Thread 0x00007fe70a001600 Exception <a 'java/lang/NoSuchMethodError'{0x000000078758a710}: 'void java.lang.invoke.DirectMethodHandle$Holder.invokeStatic(java.lang.Object, java.lang.Object, long)'> (0x000000078758a710) 
thrown [./open/src/hotspot/share/interpreter/linkResolver.cpp, line 790]
Event: 5.639 Thread 0x00007fe70a001600 Exception <a 'java/lang/NoSuchMethodError'{0x000000078759fc40}: 'java.lang.Object java.lang.invoke.DirectMethodHandle$Holder.newInvokeSpecial(java.lang.Object, java.lang.Object, int, int)'> (0x000000078759fc40) 
thrown [./open/src/hotspot/share/interpreter/linkResolver.cpp, line 790]
Event: 9.479 Thread 0x00007fe70a001600 Exception <a 'java/lang/ClassNotFoundException'{0x0000000787cd4e28}: sun/util/logging/resources/spi/loggingProvider> (0x0000000787cd4e28) 
thrown [./open/src/hotspot/share/classfile/systemDictionary.cpp, line 256]
Event: 21.756 Thread 0x00007fe70a001600 Exception <a 'java/lang/NoSuchMethodError'{0x000000078c08bec0}: 'java.lang.Object java.lang.invoke.DirectMethodHandle$Holder.newInvokeSpecial(java.lang.Object, java.lang.Object, java.lang.Object, int, java.lang.Object)'> (0x000000078c08bec0) 
thrown [./open/src/hotspot/share/interpreter/linkResolver.cpp, line 790]
Event: 21.769 Thread 0x00007fe70a001600 Exception <a 'java/lang/NoSuchMethodError'{0x000000078c093af0}: 'java.lang.Object java.lang.invoke.Invokers$Holder.linkToTargetMethod(java.lang.Object, java.lang.Object, int, java.lang.Object, java.lang.Object)'> (0x000000078c093af0) 
thrown [./open/src/hotspot/share/interpreter/linkResolver.cpp, line 790]
Event: 22.070 Thread 0x00007fe70a001600 Exception <a 'java/lang/NoSuchMethodError'{0x000000078c0a5630}: 'java.lang.Object java.lang.invoke.Invokers$Holder.linkToTargetMethod(int, int, int, int, java.lang.Object)'> (0x000000078c0a5630) 
thrown [./open/src/hotspot/share/interpreter/linkResolver.cpp, line 790]
Event: 22.170 Thread 0x00007fe7098cb600 Exception <a 'java/lang/NoSuchMethodError'{0x000000078c0f1298}: 'void java.lang.invoke.DirectMethodHandle$Holder.invokeSpecial(java.lang.Object, java.lang.Object, long)'> (0x000000078c0f1298) 
thrown [./open/src/hotspot/share/interpreter/linkResolver.cpp, line 790]
Event: 22.374 Thread 0x00007fe7098cb600 Exception <a 'java/lang/NoSuchMethodError'{0x000000078bf0b180}: 'void java.lang.invoke.DirectMethodHandle$Holder.invokeStatic(java.lang.Object, long)'> (0x000000078bf0b180) 
thrown [./open/src/hotspot/share/interpreter/linkResolver.cpp, line 790]
Event: 31.417 Thread 0x00007fe70a001600 Exception <a 'java/lang/NoSuchMethodError'{0x000000078be1ef18}: 'void java.lang.invoke.DirectMethodHandle$Holder.invokeStatic(java.lang.Object, long, long)'> (0x000000078be1ef18) 
thrown [./open/src/hotspot/share/interpreter/linkResolver.cpp, line 790]
Event: 31.421 Thread 0x00007fe70a001600 Exception <a 'java/lang/NoSuchMethodError'{0x000000078be24768}: 'java.lang.Object java.lang.invoke.DirectMethodHandle$Holder.newInvokeSpecial(java.lang.Object, long)'> (0x000000078be24768) 
thrown [./open/src/hotspot/share/interpreter/linkResolver.cpp, line 790]
Event: 31.426 Thread 0x00007fe70a001600 Exception <a 'java/lang/NoSuchMethodError'{0x000000078be2eef8}: 'java.lang.Object java.lang.invoke.DirectMethodHandle$Holder.newInvokeSpecial(java.lang.Object, java.lang.Object, int)'> (0x000000078be2eef8) 
thrown [./open/src/hotspot/share/interpreter/linkResolver.cpp, line 790]
Event: 31.843 Thread 0x00007fe70ea2be00 Implicit null exception at 0x00000001200631ff to 0x00000001200632bc
Event: 35.548 Thread 0x00007fe70ea2be00 Exception <a 'java/lang/NoSuchMethodError'{0x000000078c691918}: 'void java.lang.invoke.DirectMethodHandle$Holder.invokeStatic(java.lang.Object, java.lang.Object, java.lang.Object)'> (0x000000078c691918) 
thrown [./open/src/hotspot/share/interpreter/linkResolver.cpp, line 790]
Event: 38.289 Thread 0x00007fe70ea2be00 Exception <a 'java/lang/NoSuchMethodError'{0x000000078c5efd70}: 'void java.lang.invoke.DirectMethodHandle$Holder.invokeStatic(java.lang.Object, int, long)'> (0x000000078c5efd70) 
thrown [./open/src/hotspot/share/interpreter/linkResolver.cpp, line 790]
Event: 38.656 Thread 0x00007fe70ea2be00 Exception <a 'java/lang/NoSuchMethodError'{0x000000078c4029c0}: 'int java.lang.invoke.DirectMethodHandle$Holder.invokeStatic(java.lang.Object)'> (0x000000078c4029c0) 
thrown [./open/src/hotspot/share/interpreter/linkResolver.cpp, line 790]
Event: 61.073 Thread 0x00007fe70ea2be00 Exception <a 'java/lang/NoSuchMethodError'{0x000000078bd7ecd8}: 'java.lang.Object java.lang.invoke.DirectMethodHandle$Holder.newInvokeSpecial(java.lang.Object, java.lang.Object, int, int, int, int)'> (0x000000078bd7ecd8) 
thrown [./open/src/hotspot/share/interpreter/linkResolver.cpp, line 790]
Event: 61.289 Thread 0x00007fe70ea2be00 Exception <a 'java/lang/NoSuchMethodError'{0x000000078bc01190}: 'java.lang.Object java.lang.invoke.DirectMethodHandle$Holder.invokeSpecial(java.lang.Object, java.lang.Object, int, java.lang.Object, java.lang.Object)'> (0x000000078bc01190) 
thrown [./open/src/hotspot/share/interpreter/linkResolver.cpp, line 790]
Event: 61.290 Thread 0x00007fe70ea2be00 Exception <a 'java/lang/NoSuchMethodError'{0x000000078bc05008}: 'java.lang.Object java.lang.invoke.Invokers$Holder.linkToTargetMethod(int, java.lang.Object, java.lang.Object, java.lang.Object)'> (0x000000078bc05008) 
thrown [./open/src/hotspot/share/interpreter/linkResolver.cpp, line 790]
Event: 154.934 Thread 0x00007fe70ea2be00 Exception <a 'java/lang/NoSuchMethodError'{0x000000078aa63980}: 'void java.lang.invoke.DirectMethodHandle$Holder.invokeSpecial(java.lang.Object, java.lang.Object, java.lang.Object, java.lang.Object, java.lang.Object)'> (0x000000078aa63980) 
thrown [./open/src/hotspot/share/interpreter/linkResolver.cpp, line 790]

Events (20 events):
Event: 198.619 Executing  VM operation: Cleanup
Event: 198.619 Executing  VM operation: Cleanup done
Event: 201.092 loading class java/util/concurrent/ThreadPoolExecutor$Worker
Event: 201.092 loading class java/util/concurrent/ThreadPoolExecutor$Worker done
Event: 201.093 loading class java/lang/Thread$State
Event: 201.093 loading class java/lang/Thread$State done
Event: 201.094 Thread 0x00007fe70e8dac00 Thread added: 0x00007fe70e8dac00
Event: 201.094 Protecting memory [0x000070000a02f000,0x000070000a033000] with protection modes 0
Event: 201.193 loading class com/apple/laf/AquaButtonRadioUI
Event: 201.194 loading class com/apple/laf/AquaButtonRadioUI done
Event: 201.194 loading class com/apple/laf/AquaButtonRadioUI$1
Event: 201.194 loading class com/apple/laf/AquaButtonRadioUI$1 done
Event: 201.195 loading class com/apple/laf/AquaButtonRadioUI$RadioButtonBorder
Event: 201.195 loading class com/apple/laf/AquaButtonRadioUI$RadioButtonBorder done
Event: 201.628 Executing  VM operation: Cleanup
Event: 201.641 Executing  VM operation: Cleanup done
Event: 205.648 Executing  VM operation: Cleanup
Event: 205.648 Executing  VM operation: Cleanup done
Event: 205.751 loading class java/lang/NoSuchFieldError
Event: 205.751 loading class java/lang/NoSuchFieldError done


Dynamic libraries:
0x00007fff4ed28000 	/usr/lib/libz.1.dylib
0x0000000108297000 	/Library/Java/JavaVirtualMachines/jdk-16.0.1.jdk/Contents/Home/lib/libjli.dylib
0x00007fff2763f000 	/System/Library/Frameworks/Cocoa.framework/Versions/A/Cocoa
0x00007fff33bf6000 	/System/Library/Frameworks/Security.framework/Versions/A/Security
0x00007fff26281000 	/System/Library/Frameworks/ApplicationServices.framework/Versions/A/ApplicationServices
0x00007fff4cc59000 	/usr/lib/libSystem.B.dylib
0x00007fff4edd6000 	/usr/lib/system/libcache.dylib
0x00007fff4eddb000 	/usr/lib/system/libcommonCrypto.dylib
0x00007fff4ede6000 	/usr/lib/system/libcompiler_rt.dylib
0x00007fff4edee000 	/usr/lib/system/libcopyfile.dylib
0x00007fff4edf8000 	/usr/lib/system/libcorecrypto.dylib
0x00007fff4ef05000 	/usr/lib/system/libdispatch.dylib
0x00007fff4ef3f000 	/usr/lib/system/libdyld.dylib
0x00007fff4ef5d000 	/usr/lib/system/libkeymgr.dylib
0x00007fff4ef6b000 	/usr/lib/system/liblaunch.dylib
0x00007fff4ef6c000 	/usr/lib/system/libmacho.dylib
0x00007fff4ef71000 	/usr/lib/system/libquarantine.dylib
0x00007fff4ef74000 	/usr/lib/system/libremovefile.dylib
0x00007fff4ef76000 	/usr/lib/system/libsystem_asl.dylib
0x00007fff4ef8e000 	/usr/lib/system/libsystem_blocks.dylib
0x00007fff4ef8f000 	/usr/lib/system/libsystem_c.dylib
0x00007fff4f019000 	/usr/lib/system/libsystem_configuration.dylib
0x00007fff4f01d000 	/usr/lib/system/libsystem_coreservices.dylib
0x00007fff4f021000 	/usr/lib/system/libsystem_darwin.dylib
0x00007fff4f023000 	/usr/lib/system/libsystem_dnssd.dylib
0x00007fff4f02a000 	/usr/lib/system/libsystem_info.dylib
0x00007fff4f09b000 	/usr/lib/system/libsystem_m.dylib
0x00007fff4f0e7000 	/usr/lib/system/libsystem_malloc.dylib
0x00007fff4f107000 	/usr/lib/system/libsystem_network.dylib
0x00007fff4f238000 	/usr/lib/system/libsystem_networkextension.dylib
0x00007fff4f243000 	/usr/lib/system/libsystem_notify.dylib
0x00007fff4f261000 	/usr/lib/system/libsystem_sandbox.dylib
0x00007fff4f265000 	/usr/lib/system/libsystem_secinit.dylib
0x00007fff4f074000 	/usr/lib/system/libsystem_kernel.dylib
0x00007fff4f24d000 	/usr/lib/system/libsystem_platform.dylib
0x00007fff4f255000 	/usr/lib/system/libsystem_pthread.dylib
0x00007fff4f267000 	/usr/lib/system/libsystem_symptoms.dylib
0x00007fff4f26f000 	/usr/lib/system/libsystem_trace.dylib
0x00007fff4f284000 	/usr/lib/system/libunwind.dylib
0x00007fff4f28a000 	/usr/lib/system/libxpc.dylib
0x00007fff4c71f000 	/usr/lib/closure/libclosured.dylib
0x00007fff4e312000 	/usr/lib/libobjc.A.dylib
0x00007fff4cee5000 	/usr/lib/libc++abi.dylib
0x00007fff4ce8e000 	/usr/lib/libc++.1.dylib
0x00007fff27d8d000 	/System/Library/Frameworks/CoreFoundation.framework/Versions/A/CoreFoundation
0x00007fff29eee000 	/System/Library/Frameworks/Foundation.framework/Versions/C/Foundation
0x00007fff253d1000 	/System/Library/Frameworks/AppKit.framework/Versions/C/AppKit
0x00007fff27952000 	/System/Library/Frameworks/CoreData.framework/Versions/A/CoreData
0x00007fff46f8d000 	/System/Library/PrivateFrameworks/RemoteViewServices.framework/Versions/A/RemoteViewServices
0x00007fff4ae3e000 	/System/Library/PrivateFrameworks/UIFoundation.framework/Versions/A/UIFoundation
0x00007fff3bf1a000 	/System/Library/PrivateFrameworks/DFRFoundation.framework/Versions/A/DFRFoundation
0x00007fff2c55a000 	/System/Library/Frameworks/Metal.framework/Versions/A/Metal
0x00007fff3c0b7000 	/System/Library/PrivateFrameworks/DesktopServicesPriv.framework/Versions/A/DesktopServicesPriv
0x00007fff4d85f000 	/usr/lib/libenergytrace.dylib
0x00007fff48ea9000 	/System/Library/PrivateFrameworks/SkyLight.framework/Versions/A/SkyLight
0x00007fff28230000 	/System/Library/Frameworks/CoreGraphics.framework/Versions/A/CoreGraphics
0x00007fff4cc54000 	/usr/lib/libScreenReader.dylib
0x00007fff2436b000 	/System/Library/Frameworks/Accelerate.framework/Versions/A/Accelerate
0x00007fff2a668000 	/System/Library/Frameworks/IOSurface.framework/Versions/A/IOSurface
0x00007fff267cb000 	/System/Library/Frameworks/AudioToolbox.framework/Versions/A/AudioToolbox
0x00007fff26a5b000 	/System/Library/Frameworks/AudioUnit.framework/Versions/A/AudioUnit
0x00007fff3bfb2000 	/System/Library/PrivateFrameworks/DataDetectorsCore.framework/Versions/A/DataDetectorsCore
0x00007fff27132000 	/System/Library/Frameworks/Carbon.framework/Versions/A/Frameworks/HIToolbox.framework/Versions/A/HIToolbox
0x00007fff4d9b9000 	/usr/lib/libicucore.A.dylib
0x00007fff33172000 	/System/Library/Frameworks/QuartzCore.framework/Versions/A/QuartzCore
0x00007fff48160000 	/System/Library/PrivateFrameworks/SignpostNotification.framework/Versions/A/SignpostNotification
0x00007fff27518000 	/System/Library/Frameworks/Carbon.framework/Versions/A/Frameworks/SpeechRecognition.framework/Versions/A/SpeechRecognition
0x00007fff4cdb5000 	/usr/lib/libauto.dylib
0x00007fff4ec17000 	/usr/lib/libxml2.2.dylib
0x00007fff3bb6b000 	/System/Library/PrivateFrameworks/CoreUI.framework/Versions/A/CoreUI
0x00007fff27893000 	/System/Library/Frameworks/CoreAudio.framework/Versions/A/CoreAudio
0x00007fff29d28000 	/System/Library/Frameworks/DiskArbitration.framework/Versions/A/DiskArbitration
0x00007fff4dc2d000 	/usr/lib/liblangid.dylib
0x00007fff43497000 	/System/Library/PrivateFrameworks/MultitouchSupport.framework/Versions/A/MultitouchSupport
0x00007fff2a5cb000 	/System/Library/Frameworks/IOKit.framework/Versions/A/IOKit
0x00007fff4c8e3000 	/usr/lib/libDiagnosticMessagesClient.dylib
0x00007fff28f06000 	/System/Library/Frameworks/CoreServices.framework/Versions/A/CoreServices
0x00007fff44fc9000 	/System/Library/PrivateFrameworks/PerformanceAnalysis.framework/Versions/A/PerformanceAnalysis
0x00007fff32314000 	/System/Library/Frameworks/OpenGL.framework/Versions/A/OpenGL
0x00007fff2764d000 	/System/Library/Frameworks/ColorSync.framework/Versions/A/ColorSync
0x00007fff28842000 	/System/Library/Frameworks/CoreImage.framework/Versions/A/CoreImage
0x00007fff29896000 	/System/Library/Frameworks/CoreText.framework/Versions/A/CoreText
0x00007fff2a6c6000 	/System/Library/Frameworks/ImageIO.framework/Versions/A/ImageIO
0x00007fff38883000 	/System/Library/PrivateFrameworks/Backup.framework/Versions/A/Backup
0x00007fff4cd05000 	/usr/lib/libarchive.2.dylib
0x00007fff26d7e000 	/System/Library/Frameworks/CFNetwork.framework/Versions/A/CFNetwork
0x00007fff34389000 	/System/Library/Frameworks/SystemConfiguration.framework/Versions/A/SystemConfiguration
0x00007fff4c80c000 	/usr/lib/libCRFSuite.dylib
0x00007fff4ce6f000 	/usr/lib/libbsm.0.dylib
0x00007fff4ef5e000 	/usr/lib/system/libkxld.dylib
0x00007fff4cb1d000 	/usr/lib/libOpenScriptingUtil.dylib
0x00007fff4d1de000 	/usr/lib/libcoretls.dylib
0x00007fff4d1f7000 	/usr/lib/libcoretls_cfhelpers.dylib
0x00007fff4e713000 	/usr/lib/libpam.2.dylib
0x00007fff4e83a000 	/usr/lib/libsqlite3.dylib
0x00007fff4ec06000 	/usr/lib/libxar.1.dylib
0x00007fff4ce80000 	/usr/lib/libbz2.1.0.dylib
0x00007fff4dc2f000 	/usr/lib/liblzma.5.dylib
0x00007fff4e110000 	/usr/lib/libnetwork.dylib
0x00007fff4ccee000 	/usr/lib/libapple_nghttp2.dylib
0x00007fff4e71a000 	/usr/lib/libpcap.A.dylib
0x00007fff4cdb6000 	/usr/lib/libboringssl.dylib
0x00007fff4eba1000 	/usr/lib/libusrtcp.dylib
0x00007fff4cced000 	/usr/lib/libapple_crypto.dylib
0x00007fff29289000 	/System/Library/Frameworks/CoreServices.framework/Versions/A/Frameworks/FSEvents.framework/Versions/A/FSEvents
0x00007fff28f7c000 	/System/Library/Frameworks/CoreServices.framework/Versions/A/Frameworks/CarbonCore.framework/Versions/A/CarbonCore
0x00007fff29450000 	/System/Library/Frameworks/CoreServices.framework/Versions/A/Frameworks/Metadata.framework/Versions/A/Metadata
0x00007fff29501000 	/System/Library/Frameworks/CoreServices.framework/Versions/A/Frameworks/OSServices.framework/Versions/A/OSServices
0x00007fff29562000 	/System/Library/Frameworks/CoreServices.framework/Versions/A/Frameworks/SearchKit.framework/Versions/A/SearchKit
0x00007fff28f07000 	/System/Library/Frameworks/CoreServices.framework/Versions/A/Frameworks/AE.framework/Versions/A/AE
0x00007fff29292000 	/System/Library/Frameworks/CoreServices.framework/Versions/A/Frameworks/LaunchServices.framework/Versions/A/LaunchServices
0x00007fff29254000 	/System/Library/Frameworks/CoreServices.framework/Versions/A/Frameworks/DictionaryServices.framework/Versions/A/DictionaryServices
0x00007fff295d1000 	/System/Library/Frameworks/CoreServices.framework/Versions/A/Frameworks/SharedFileList.framework/Versions/A/SharedFileList
0x00007fff2d790000 	/System/Library/Frameworks/NetFS.framework/Versions/A/NetFS
0x00007fff43728000 	/System/Library/PrivateFrameworks/NetAuth.framework/Versions/A/NetAuth
0x00007fff4c5b6000 	/System/Library/PrivateFrameworks/login.framework/Versions/A/Frameworks/loginsupport.framework/Versions/A/loginsupport
0x00007fff4aabb000 	/System/Library/PrivateFrameworks/TCC.framework/Versions/A/TCC
0x00007fff4dd10000 	/usr/lib/libmecabra.dylib
0x00007fff26282000 	/System/Library/Frameworks/ApplicationServices.framework/Versions/A/Frameworks/ATS.framework/Versions/A/ATS
0x00007fff26630000 	/System/Library/Frameworks/ApplicationServices.framework/Versions/A/Frameworks/ColorSyncLegacy.framework/Versions/A/ColorSyncLegacy
0x00007fff266d4000 	/System/Library/Frameworks/ApplicationServices.framework/Versions/A/Frameworks/HIServices.framework/Versions/A/HIServices
0x00007fff26727000 	/System/Library/Frameworks/ApplicationServices.framework/Versions/A/Frameworks/LangAnalysis.framework/Versions/A/LangAnalysis
0x00007fff26736000 	/System/Library/Frameworks/ApplicationServices.framework/Versions/A/Frameworks/PrintCore.framework/Versions/A/PrintCore
0x00007fff26783000 	/System/Library/Frameworks/ApplicationServices.framework/Versions/A/Frameworks/QD.framework/Versions/A/QD
0x00007fff267be000 	/System/Library/Frameworks/ApplicationServices.framework/Versions/A/Frameworks/SpeechSynthesis.framework/Versions/A/SpeechSynthesis
0x00007fff27ca9000 	/System/Library/Frameworks/CoreDisplay.framework/Versions/A/CoreDisplay
0x00007fff24383000 	/System/Library/Frameworks/Accelerate.framework/Versions/A/Frameworks/vImage.framework/Versions/A/vImage
0x00007fff250dd000 	/System/Library/Frameworks/Accelerate.framework/Versions/A/Frameworks/vecLib.framework/Versions/A/vecLib
0x00007fff24e7d000 	/System/Library/Frameworks/Accelerate.framework/Versions/A/Frameworks/vecLib.framework/Versions/A/libvDSP.dylib
0x00007fff249dd000 	/System/Library/Frameworks/Accelerate.framework/Versions/A/Frameworks/vecLib.framework/Versions/A/libBNNS.dylib
0x00007fff24de2000 	/System/Library/Frameworks/Accelerate.framework/Versions/A/Frameworks/vecLib.framework/Versions/A/libQuadrature.dylib
0x00007fff2502b000 	/System/Library/Frameworks/Accelerate.framework/Versions/A/Frameworks/vecLib.framework/Versions/A/libvMisc.dylib
0x00007fff24a0c000 	/System/Library/Frameworks/Accelerate.framework/Versions/A/Frameworks/vecLib.framework/Versions/A/libLAPACK.dylib
0x00007fff24882000 	/System/Library/Frameworks/Accelerate.framework/Versions/A/Frameworks/vecLib.framework/Versions/A/libBLAS.dylib
0x00007fff24dcc000 	/System/Library/Frameworks/Accelerate.framework/Versions/A/Frameworks/vecLib.framework/Versions/A/libLinearAlgebra.dylib
0x00007fff24de8000 	/System/Library/Frameworks/Accelerate.framework/Versions/A/Frameworks/vecLib.framework/Versions/A/libSparse.dylib
0x00007fff24e69000 	/System/Library/Frameworks/Accelerate.framework/Versions/A/Frameworks/vecLib.framework/Versions/A/libSparseBLAS.dylib
0x00007fff406e0000 	/System/Library/PrivateFrameworks/GPUWrangler.framework/Versions/A/GPUWrangler
0x00007fff41e71000 	/System/Library/PrivateFrameworks/IOAccelerator.framework/Versions/A/IOAccelerator
0x00007fff41e7c000 	/System/Library/PrivateFrameworks/IOPresentment.framework/Versions/A/IOPresentment
0x00007fff3bf2c000 	/System/Library/PrivateFrameworks/DSExternalDisplay.framework/Versions/A/DSExternalDisplay
0x00007fff31793000 	/System/Library/Frameworks/OpenGL.framework/Versions/A/Libraries/libCoreFSCache.dylib
0x00007fff299e7000 	/System/Library/Frameworks/CoreVideo.framework/Versions/A/CoreVideo
0x00007fff4145b000 	/System/Library/PrivateFrameworks/GraphVisualizer.framework/Versions/A/GraphVisualizer
0x00007fff2c791000 	/System/Library/Frameworks/MetalPerformanceShaders.framework/Versions/A/MetalPerformanceShaders
0x00007fff4c91b000 	/usr/lib/libFosl_dynamic.dylib
0x00007fff3cfea000 	/System/Library/PrivateFrameworks/FaceCore.framework/Versions/A/FaceCore
0x00007fff3058e000 	/System/Library/Frameworks/OpenCL.framework/Versions/A/OpenCL
0x00007fff4cf1c000 	/usr/lib/libcompression.dylib
0x00007fff26381000 	/System/Library/Frameworks/ApplicationServices.framework/Versions/A/Frameworks/ATS.framework/Versions/A/Resources/libFontParser.dylib
0x00007fff264a4000 	/System/Library/Frameworks/ApplicationServices.framework/Versions/A/Frameworks/ATS.framework/Versions/A/Resources/libFontRegistry.dylib
0x00007fff2a92e000 	/System/Library/Frameworks/ImageIO.framework/Versions/A/Resources/libJPEG.dylib
0x00007fff2ac57000 	/System/Library/Frameworks/ImageIO.framework/Versions/A/Resources/libTIFF.dylib
0x00007fff2ac2d000 	/System/Library/Frameworks/ImageIO.framework/Versions/A/Resources/libPng.dylib
0x00007fff2a841000 	/System/Library/Frameworks/ImageIO.framework/Versions/A/Resources/libGIF.dylib
0x00007fff2a846000 	/System/Library/Frameworks/ImageIO.framework/Versions/A/Resources/libJP2.dylib
0x00007fff2ac54000 	/System/Library/Frameworks/ImageIO.framework/Versions/A/Resources/libRadiance.dylib
0x00007fff37fae000 	/System/Library/PrivateFrameworks/AppleJPEG.framework/Versions/A/AppleJPEG
0x00007fff2c5f8000 	/System/Library/Frameworks/MetalPerformanceShaders.framework/Frameworks/MPSCore.framework/Versions/A/MPSCore
0x00007fff2c614000 	/System/Library/Frameworks/MetalPerformanceShaders.framework/Frameworks/MPSImage.framework/Versions/A/MPSImage
0x00007fff2c6a9000 	/System/Library/Frameworks/MetalPerformanceShaders.framework/Frameworks/MPSNeuralNetwork.framework/Versions/A/MPSNeuralNetwork
0x00007fff2c684000 	/System/Library/Frameworks/MetalPerformanceShaders.framework/Frameworks/MPSMatrix.framework/Versions/A/MPSMatrix
0x00007fff43365000 	/System/Library/PrivateFrameworks/MetalTools.framework/Versions/A/MetalTools
0x00007fff3195e000 	/System/Library/Frameworks/OpenGL.framework/Versions/A/Libraries/libGLU.dylib
0x00007fff3179e000 	/System/Library/Frameworks/OpenGL.framework/Versions/A/Libraries/libGFXShared.dylib
0x00007fff317a8000 	/System/Library/Frameworks/OpenGL.framework/Versions/A/Libraries/libGL.dylib
0x00007fff317b4000 	/System/Library/Frameworks/OpenGL.framework/Versions/A/Libraries/libGLImage.dylib
0x00007fff31790000 	/System/Library/Frameworks/OpenGL.framework/Versions/A/Libraries/libCVMSPluginSupport.dylib
0x00007fff31799000 	/System/Library/Frameworks/OpenGL.framework/Versions/A/Libraries/libCoreVMClient.dylib
0x00007fff4d6c9000 	/usr/lib/libcups.2.dylib
0x00007fff2bb5f000 	/System/Library/Frameworks/Kerberos.framework/Versions/A/Kerberos
0x00007fff2a325000 	/System/Library/Frameworks/GSS.framework/Versions/A/GSS
0x00007fff4e7cd000 	/usr/lib/libresolv.9.dylib
0x00007fff4d8c7000 	/usr/lib/libiconv.2.dylib
0x00007fff414ed000 	/System/Library/PrivateFrameworks/Heimdal.framework/Versions/A/Heimdal
0x00007fff4d896000 	/usr/lib/libheimdal-asn1.dylib
0x00007fff30606000 	/System/Library/Frameworks/OpenDirectory.framework/Versions/A/OpenDirectory
0x00007fff3a2a3000 	/System/Library/PrivateFrameworks/CommonAuth.framework/Versions/A/CommonAuth
0x00007fff305e9000 	/System/Library/Frameworks/OpenDirectory.framework/Versions/A/Frameworks/CFOpenDirectory.framework/Versions/A/CFOpenDirectory
0x00007fff33f22000 	/System/Library/Frameworks/SecurityFoundation.framework/Versions/A/SecurityFoundation
0x00007fff372f6000 	/System/Library/PrivateFrameworks/APFS.framework/Versions/A/APFS
0x00007fff4ec02000 	/usr/lib/libutil.dylib
0x00007fff38031000 	/System/Library/PrivateFrameworks/AppleSauce.framework/Versions/A/AppleSauce
0x00007fff4264c000 	/System/Library/PrivateFrameworks/LinguisticData.framework/Versions/A/LinguisticData
0x00007fff4dc49000 	/usr/lib/libmarisa.dylib
0x00007fff42606000 	/System/Library/PrivateFrameworks/Lexicon.framework/Versions/A/Lexicon
0x00007fff4c846000 	/usr/lib/libChineseTokenizer.dylib
0x00007fff4cf0b000 	/usr/lib/libcmph.dylib
0x00007fff42510000 	/System/Library/PrivateFrameworks/LanguageModeling.framework/Versions/A/LanguageModeling
0x00007fff3adb2000 	/System/Library/PrivateFrameworks/CoreEmoji.framework/Versions/A/CoreEmoji
0x00007fff33fe0000 	/System/Library/Frameworks/ServiceManagement.framework/Versions/A/ServiceManagement
0x00007fff3887b000 	/System/Library/PrivateFrameworks/BackgroundTaskManagement.framework/Versions/A/BackgroundTaskManagement
0x00007fff4ecff000 	/usr/lib/libxslt.1.dylib
0x00007fff27442000 	/System/Library/Frameworks/Carbon.framework/Versions/A/Frameworks/Ink.framework/Versions/A/Ink
0x00007fff4acd0000 	/System/Library/PrivateFrameworks/TextureIO.framework/Versions/A/TextureIO
0x00007fff4cd30000 	/usr/lib/libate.dylib
0x00007fff3be8c000 	/System/Library/PrivateFrameworks/CrashReporterSupport.framework/Versions/A/CrashReporterSupport
0x00007fff48020000 	/System/Library/PrivateFrameworks/Sharing.framework/Versions/A/Sharing
0x00007fff4225e000 	/System/Library/PrivateFrameworks/IconServices.framework/Versions/A/IconServices
0x00007fff384ab000 	/System/Library/PrivateFrameworks/AuthKit.framework/Versions/A/AuthKit
0x00007fff37e31000 	/System/Library/PrivateFrameworks/Apple80211.framework/Versions/A/Apple80211
0x00007fff3bca1000 	/System/Library/PrivateFrameworks/CoreUtils.framework/Versions/A/CoreUtils
0x00007fff29a22000 	/System/Library/Frameworks/CoreWLAN.framework/Versions/A/CoreWLAN
0x00007fff2a467000 	/System/Library/Frameworks/IOBluetooth.framework/Versions/A/IOBluetooth
0x00007fff46d98000 	/System/Library/PrivateFrameworks/ProtocolBuffer.framework/Versions/A/ProtocolBuffer
0x00007fff433f2000 	/System/Library/PrivateFrameworks/MobileKeyBag.framework/Versions/A/MobileKeyBag
0x00007fff3b556000 	/System/Library/PrivateFrameworks/CorePhoneNumbers.framework/Versions/A/CorePhoneNumbers
0x00007fff37f69000 	/System/Library/PrivateFrameworks/AppleIDAuthSupport.framework/Versions/A/AppleIDAuthSupport
0x00007fff424fc000 	/System/Library/PrivateFrameworks/KeychainCircle.framework/Versions/A/KeychainCircle
0x00007fff3be27000 	/System/Library/PrivateFrameworks/CoreWiFi.framework/Versions/A/CoreWiFi
0x00007fff27928000 	/System/Library/Frameworks/CoreBluetooth.framework/Versions/A/CoreBluetooth
0x00007fff3c076000 	/System/Library/PrivateFrameworks/DebugSymbols.framework/Versions/A/DebugSymbols
0x00007fff3ba57000 	/System/Library/PrivateFrameworks/CoreSymbolication.framework/Versions/A/CoreSymbolication
0x00007fff4a4c1000 	/System/Library/PrivateFrameworks/Symbolication.framework/Versions/A/Symbolication
0x00007fff37e5b000 	/System/Library/PrivateFrameworks/AppleFSCompression.framework/Versions/A/AppleFSCompression
0x00007fff4990e000 	/System/Library/PrivateFrameworks/SpeechRecognitionCore.framework/Versions/A/SpeechRecognitionCore
0x0000000108c00000 	/Library/Java/JavaVirtualMachines/jdk-16.0.1.jdk/Contents/Home/lib/server/libjvm.dylib
0x0000000109c73000 	/Library/Java/JavaVirtualMachines/jdk-16.0.1.jdk/Contents/Home/lib/libjimage.dylib
0x0000000109cc7000 	/Library/Java/JavaVirtualMachines/jdk-16.0.1.jdk/Contents/Home/lib/libjava.dylib
0x000000010f438000 	/Library/Java/JavaVirtualMachines/jdk-16.0.1.jdk/Contents/Home/lib/libnio.dylib
0x000000010f44c000 	/Library/Java/JavaVirtualMachines/jdk-16.0.1.jdk/Contents/Home/lib/./libnet.dylib
0x000000010f4ee000 	/Library/Java/JavaVirtualMachines/jdk-16.0.1.jdk/Contents/Home/lib/libzip.dylib
0x000000010f4fc000 	/Library/Java/JavaVirtualMachines/jdk-16.0.1.jdk/Contents/Home/lib/libverify.dylib
0x000000010f50e000 	/Library/Java/JavaVirtualMachines/jdk-16.0.1.jdk/Contents/Home/lib/libprefs.dylib
0x000000010f519000 	/Library/Java/JavaVirtualMachines/jdk-16.0.1.jdk/Contents/Home/lib/libawt.dylib
0x000000010f5cf000 	/Library/Java/JavaVirtualMachines/jdk-16.0.1.jdk/Contents/Home/lib/./libmlib_image.dylib
0x00007fff2bb48000 	/System/Library/Frameworks/JavaVM.framework/Versions/A/Frameworks/JavaNativeFoundation.framework/Versions/A/JavaNativeFoundation
0x00007fff2bb51000 	/System/Library/Frameworks/JavaVM.framework/Versions/A/Frameworks/JavaRuntimeSupport.framework/Versions/A/JavaRuntimeSupport
0x00007fff2bb5a000 	/System/Library/Frameworks/JavaVM.framework/Versions/A/JavaVM
0x00007fff4241f000 	/System/Library/PrivateFrameworks/JavaLaunching.framework/Versions/A/JavaLaunching
0x00007fff2712d000 	/System/Library/Frameworks/Carbon.framework/Versions/A/Carbon
0x00007fff2712e000 	/System/Library/Frameworks/Carbon.framework/Versions/A/Frameworks/CommonPanels.framework/Versions/A/CommonPanels
0x00007fff27438000 	/System/Library/Frameworks/Carbon.framework/Versions/A/Frameworks/Help.framework/Versions/A/Help
0x00007fff2743c000 	/System/Library/Frameworks/Carbon.framework/Versions/A/Frameworks/ImageCapture.framework/Versions/A/ImageCapture
0x00007fff274d8000 	/System/Library/Frameworks/Carbon.framework/Versions/A/Frameworks/OpenScripting.framework/Versions/A/OpenScripting
0x00007fff27513000 	/System/Library/Frameworks/Carbon.framework/Versions/A/Frameworks/Print.framework/Versions/A/Print
0x00007fff27515000 	/System/Library/Frameworks/Carbon.framework/Versions/A/Frameworks/SecurityHI.framework/Versions/A/SecurityHI
0x000000010f669000 	/Library/Java/JavaVirtualMachines/jdk-16.0.1.jdk/Contents/Home/lib/libawt_lwawt.dylib
0x000000010f719000 	/Library/Java/JavaVirtualMachines/jdk-16.0.1.jdk/Contents/Home/lib/./libosxapp.dylib
0x00007fff29ec7000 	/System/Library/Frameworks/ExceptionHandling.framework/Versions/A/ExceptionHandling
0x000000010f738000 	/Library/Java/JavaVirtualMachines/jdk-16.0.1.jdk/Contents/Home/lib/libfontmanager.dylib
0x0000000110000000 	/Library/Java/JavaVirtualMachines/jdk-16.0.1.jdk/Contents/Home/lib/./libharfbuzz.dylib
0x000000010f74a000 	/Library/Java/JavaVirtualMachines/jdk-16.0.1.jdk/Contents/Home/lib/./libfreetype.dylib
0x00007fff3b6e9000 	/System/Library/PrivateFrameworks/CoreServicesInternal.framework/Versions/A/CoreServicesInternal
0x00007fff203a9000 	/System/Library/CoreServices/RawCamera.bundle/Contents/MacOS/RawCamera
0x00007fff433d7000 	/System/Library/PrivateFrameworks/MobileAsset.framework/Versions/A/MobileAsset
0x00007fff49dc8000 	/System/Library/PrivateFrameworks/StreamingZip.framework/Versions/A/StreamingZip
0x00007fff2beee000 	/System/Library/Frameworks/MediaToolbox.framework/Versions/A/MediaToolbox
0x00007fff3a9f1000 	/System/Library/PrivateFrameworks/CoreAVCHD.framework/Versions/A/CoreAVCHD
0x00007fff2be37000 	/System/Library/Frameworks/MediaAccessibility.framework/Versions/A/MediaAccessibility
0x00007fff42e52000 	/System/Library/PrivateFrameworks/Mangrove.framework/Versions/A/Mangrove
0x00007fff28dc0000 	/System/Library/Frameworks/CoreMedia.framework/Versions/A/CoreMedia
0x00007fff345ae000 	/System/Library/Frameworks/VideoToolbox.framework/Versions/A/VideoToolbox
0x00007fff3a5e8000 	/System/Library/PrivateFrameworks/CoreAUC.framework/Versions/A/CoreAUC
0x00007fff4e838000 	/usr/lib/libspindump.dylib
0x00007fff38126000 	/System/Library/PrivateFrameworks/AppleVA.framework/Versions/A/AppleVA
0x00007fff2436c000 	/System/Library/Frameworks/Accelerate.framework/Versions/A/Frameworks/vImage.framework/Versions/A/Libraries/libCGInterfaces.dylib
0x00007fff26593000 	/System/Library/Frameworks/ApplicationServices.framework/Versions/A/Frameworks/ATS.framework/Versions/A/Resources/libTrueTypeScaler.dylib
0x00007fff21d06000 	/System/Library/Extensions/AppleIntelHD5000GraphicsMTLDriver.bundle/Contents/MacOS/AppleIntelHD5000GraphicsMTLDriver
0x00007fff3f074000 	/System/Library/PrivateFrameworks/GPUCompiler.framework/Versions/3802/Libraries/libmetal_timestamp.dylib
0x00007fff32324000 	/System/Library/Frameworks/OpenGL.framework/Versions/A/Resources/GLEngine.bundle/GLEngine
0x00007fff317f0000 	/System/Library/Frameworks/OpenGL.framework/Versions/A/Libraries/libGLProgrammability.dylib
0x000000012c4a5000 	/System/Library/Extensions/AppleIntelHD5000GraphicsGLDriver.bundle/Contents/MacOS/AppleIntelHD5000GraphicsGLDriver
0x00007fff406d4000 	/System/Library/PrivateFrameworks/GPUSupport.framework/Versions/A/Libraries/libGPUSupportMercury.dylib
0x00007fff324bc000 	/System/Library/Frameworks/OpenGL.framework/Versions/A/Resources/GLRendererFloat.bundle/GLRendererFloat
0x00007fff30585000 	/System/Library/Frameworks/OpenCL.framework/Versions/A/Libraries/libcldcpuengine.dylib
0x00007fff4d391000 	/usr/lib/libcrypto.35.dylib
0x00007fff4ae37000 	/System/Library/PrivateFrameworks/TrustEvaluationAgent.framework/Versions/A/TrustEvaluationAgent
0x00007fff4bcc2000 	/System/Library/PrivateFrameworks/ViewBridge.framework/Versions/A/ViewBridge
0x000000012d4ef000 	/Library/Java/JavaVirtualMachines/jdk-16.0.1.jdk/Contents/Home/lib/libosxui.dylib
0x00007fff4c5b9000 	/System/Library/PrivateFrameworks/login.framework/Versions/A/login
0x000000012bc1e000 	/Library/Java/JavaVirtualMachines/jdk-16.0.1.jdk/Contents/Home/lib/libextnet.dylib
0x0000000165f6c000 	/Users/julien/Documents/WORKSPACE/OSM/OsmAnd-core-legacy/binaries/darwin/intel/Release/libosmand.dylib
0x0000000166648000 	/usr/local/opt/freetype/lib/libfreetype.6.dylib
0x00000001666e6000 	/usr/local/opt/fontconfig/lib/libfontconfig.1.dylib
0x0000000166723000 	/usr/local/opt/libpng/lib/libpng16.16.dylib
0x00007fff4d860000 	/usr/lib/libexpat.1.dylib


VM Arguments:
jvm_args: -Djava.util.logging.config.file=/Users/julien/Documents/WORKSPACE/OSM/OsmAndMapCreator-main/logging.properties 
java_command: /Users/julien/Documents/WORKSPACE/OSM/OsmAndMapCreator-main/OsmAndMapCreator.jar
java_class_path (initial): /Users/julien/Documents/WORKSPACE/OSM/OsmAndMapCreator-main/OsmAndMapCreator.jar
Launcher Type: SUN_STANDARD

[Global flags]
     intx CICompilerCount                          = 3                                         {product} {ergonomic}
     uint ConcGCThreads                            = 1                                         {product} {ergonomic}
     uint G1ConcRefinementThreads                  = 4                                         {product} {ergonomic}
   size_t G1HeapRegionSize                         = 1048576                                   {product} {ergonomic}
    uintx GCDrainStackTargetSize                   = 64                                        {product} {ergonomic}
   size_t InitialHeapSize                          = 134217728                                 {product} {ergonomic}
   size_t MarkStackSize                            = 4194304                                   {product} {ergonomic}
   size_t MaxHeapSize                              = 2147483648                                {product} {ergonomic}
   size_t MaxNewSize                               = 1287651328                                {product} {ergonomic}
   size_t MinHeapDeltaBytes                        = 1048576                                   {product} {ergonomic}
   size_t MinHeapSize                              = 8388608                                   {product} {ergonomic}
    uintx NonNMethodCodeHeapSize                   = 5832780                                {pd product} {ergonomic}
    uintx NonProfiledCodeHeapSize                  = 122912730                              {pd product} {ergonomic}
    uintx ProfiledCodeHeapSize                     = 122912730                              {pd product} {ergonomic}
    uintx ReservedCodeCacheSize                    = 251658240                              {pd product} {ergonomic}
     bool SegmentedCodeCache                       = true                                      {product} {ergonomic}
   size_t SoftMaxHeapSize                          = 2147483648                             {manageable} {ergonomic}
     bool UseCompressedClassPointers               = true                           {product lp64_product} {ergonomic}
     bool UseCompressedOops                        = true                           {product lp64_product} {ergonomic}
     bool UseG1GC                                  = true                                      {product} {ergonomic}
     bool UseNUMA                                  = false                                     {product} {ergonomic}
     bool UseNUMAInterleaving                      = false                                     {product} {ergonomic}

Logging:
Log output configuration:
 #0: stdout all=warning uptime,level,tags
 #1: stderr all=off uptime,level,tags

Environment Variables:
PATH=/Users/julien/.nvm/versions/node/v14.17.0/lib/node_modules/npm/node_modules/npm-lifecycle/node-gyp-bin:/Users/julien/Documents/WORKSPACE/OSM/osm-tiles/node_modules/.bin:/usr/local/opt/jpeg-turbo/bin:/usr/local/opt/jpeg-turbo/bin:/Users/julien/.nvm/versions/node/v14.17.0/bin:/usr/local/bin:/usr/local/sbin:/usr/bin:/bin:/usr/sbin:/sbin:/opt/X11/bin
SHELL=/bin/bash
DISPLAY=/private/tmp/com.apple.launchd.VfP3yK6gde/org.macosforge.xquartz:0
LANG=en_US.UTF-8
LC_ALL=en_US.UTF-8

Signal Handlers:
SIGSEGV: [libjvm.dylib+0xa7bdc0], sa_mask[0]=11100110000111110111111111111111, sa_flags=SA_ONSTACK|SA_RESTART|SA_SIGINFO
SIGBUS: [libjvm.dylib+0xa7bdc0], sa_mask[0]=11100110000111110111111111111111, sa_flags=SA_RESTART|SA_SIGINFO
SIGFPE: [libjvm.dylib+0xa7bdc0], sa_mask[0]=11100110000111110111111111111111, sa_flags=SA_RESTART|SA_SIGINFO
SIGPIPE: [libjvm.dylib+0x945ca0], sa_mask[0]=11100110000111110111111111111111, sa_flags=SA_RESTART|SA_SIGINFO
SIGXFSZ: [libjvm.dylib+0x945ca0], sa_mask[0]=11100110000111110111111111111111, sa_flags=SA_RESTART|SA_SIGINFO
SIGILL: [libjvm.dylib+0xa7bdc0], sa_mask[0]=11100110000111110111111111111111, sa_flags=SA_RESTART|SA_SIGINFO
SIGUSR2: [libjvm.dylib+0x946750], sa_mask[0]=00000000000000000000000000000000, sa_flags=SA_RESTART|SA_SIGINFO
SIGHUP: [libjvm.dylib+0x944d10], sa_mask[0]=11100110000111110111111111111111, sa_flags=SA_RESTART|SA_SIGINFO
SIGINT: [libjvm.dylib+0x944d10], sa_mask[0]=11100110000111110111111111111111, sa_flags=SA_RESTART|SA_SIGINFO
SIGTERM: [libjvm.dylib+0x944d10], sa_mask[0]=11100110000111110111111111111111, sa_flags=SA_RESTART|SA_SIGINFO
SIGQUIT: [libjvm.dylib+0x944d10], sa_mask[0]=11100110000111110111111111111111, sa_flags=SA_RESTART|SA_SIGINFO
SIGTRAP: [libjvm.dylib+0xa7bdc0], sa_mask[0]=11100110000111110111111111111111, sa_flags=SA_RESTART|SA_SIGINFO


---------------  S Y S T E M  ---------------

OS:uname: Darwin 17.7.0 Darwin Kernel Version 17.7.0: Thu Jun 21 22:53:14 PDT 2018; root:xnu-4570.71.2~1/RELEASE_X86_64 x86_64
OS uptime: 0 days 4:17 hours
rlimit (soft/hard): STACK 8192k/65532k , CORE 0k/infinity , NPROC 709/1064 , NOFILE 10240/infinity , AS infinity/infinity , CPU infinity/infinity , DATA infinity/infinity , FSIZE infinity/infinity , MEMLOCK infinity/infinity , RSS infinity/infinity
load average: 12.23 21.77 36.22

CPU: total 4 (initial active 4) (2 cores per cpu, 2 threads per core) family 6 model 69 stepping 1 microcode 0x25, cx8, cmov, fxsr, ht, mmx, sse, sse2, sse3, ssse3, sse4.1, sse4.2, popcnt, lzcnt, tsc, tscinvbit, avx, avx2, aes, erms, clmul, bmi1, bmi2, fma, vzeroupper, clflush

Memory: 4k page, physical 8388608k(167768k free), swap 0k(0k free)

vm_info: Java HotSpot(TM) 64-Bit Server VM (16.0.1+9-24) for bsd-amd64 JRE (16.0.1+9-24), built on Mar 26 2021 18:20:04 by "mach5one" with clang 4.2.1 Compatible Apple LLVM 11.0.0 (clang-1100.0.33.17)

END.
